C:\Program Files\inventory-service\inventory-service\pom.xml
C:\Program Files\inventory-service\inventory-service\target\classes\META-INF\maven\com.ros.inventory\InventoryService\pom.xml
C:\Program Files\workspace-spring-tool-suite-4-4.2.0.RELEASE\MenuService\pom.xml
C:\Program Files\workspace-spring-tool-suite-4-4.2.0.RELEASE\MenuService\target\classes\META-INF\maven\com.example\MenuService\pom.xml
C:\Program Files\workspace-spring-tool-suite-4-4.2.0.RELEASE\ROS_AccountingService\pom.xml
C:\Program Files\workspace-spring-tool-suite-4-4.2.0.RELEASE\ROS_AccountingService\target\classes\META-INF\maven\com.ros\ROS_AccountingService\pom.xml
C:\Program Files\workspace-spring-tool-suite-4-4.2.0.RELEASE\springboojpa\pom.xml
C:\Program Files\workspace-spring-tool-suite-4-4.2.0.RELEASE\springboojpa\target\classes\META-INF\maven\com.example\springboojpa\pom.xml
C:\Program Files\workspace-spring-tool-suite-4-4.2.0.RELEASE\springbootdemo\pom.xml
C:\Program Files\workspace-spring-tool-suite-4-4.2.0.RELEASE\springbootdemo-1\pom.xml
C:\Program Files\workspace-spring-tool-suite-4-4.2.0.RELEASE\springbootdemo-1\target\classes\META-INF\maven\com.example\springbootdemo-1\pom.xml
C:\Program Files\workspace-spring-tool-suite-4-4.2.0.RELEASE\springbootrestdemo\pom.xml
C:\Program Files\workspace-spring-tool-suite-4-4.2.0.RELEASE\springbootrestdemo\target\classes\META-INF\maven\com.example\springbootrestdemo\pom.xml
C:\Program Files\workspace-spring-tool-suite-4-4.2.0.RELEASE\SpringMVC\pom.xml
C:\Users\sowmya.shree\.p2\pool\features\org.eclipse.draw2d_3.10.100.201606061308\META-INF\maven\org.eclipse.draw2d.features\org.eclipse.draw2d\pom.xml
C:\Users\sowmya.shree\.p2\pool\features\org.eclipse.gef_3.11.0.201606061308\META-INF\maven\org.eclipse.gef.features\org.eclipse.gef\pom.xml
C:\Users\sowmya.shree\.p2\pool\plugins\org.apache.ant_1.10.12.v20211102-1452\META-INF\maven\org.eclipse.orbit.bundles\org.apache.ant\pom.xml
C:\Users\sowmya.shree\.p2\pool\plugins\org.eclipse.cdt.core.win32.x86_64_6.0.400.202112012329\META-INF\maven\org.eclipse.cdt\org.eclipse.cdt.core.win32.x86_64\pom.xml
C:\Users\sowmya.shree\.p2\pool\plugins\org.eclipse.epp.package.common_4.22.0.20211202-1200\META-INF\maven\org.eclipse.epp\org.eclipse.epp.package.common\pom.xml
C:\Users\sowmya.shree\.p2\pool\plugins\org.eclipse.epp.package.jee_4.22.0.20211202-1200\META-INF\maven\org.eclipse.epp\org.eclipse.epp.package.jee\pom.xml
C:\Users\sowmya.shree\.p2\pool\plugins\org.eclipse.justj.openjdk.hotspot.jre.full.win32.x86_64_17.0.2.v20220201-1208\META-INF\maven\org.eclipse.justj\org.eclipse.justj.openjdk.hotspot.jre.full.win32.x86_64\pom.xml
C:\Users\sowmya.shree\.p2\pool\plugins\org.eclipse.m2e.archetype.common_1.18.1.20211011-2139\META-INF\maven\org.eclipse.m2e\org.eclipse.m2e.archetype.common\pom.xml
C:\Users\sowmya.shree\.p2\pool\plugins\org.eclipse.m2e.maven.indexer_1.18.1.20211011-2139\META-INF\maven\org.eclipse.m2e\org.eclipse.m2e.maven.indexer\pom.xml
C:\Users\sowmya.shree\.p2\pool\plugins\org.eclipse.m2e.maven.runtime.slf4j.simple_1.18.1.20211008-0657\META-INF\maven\org.eclipse.m2e\org.eclipse.m2e.maven.runtime.slf4j.simple\pom.xml
C:\Users\sowmya.shree\.p2\pool\plugins\org.eclipse.m2e.maven.runtime_1.18.1.20211011-2139\META-INF\maven\org.eclipse.m2e\org.eclipse.m2e.maven.runtime\pom.xml
C:\Users\sowmya.shree\.p2\pool\plugins\org.eclipse.m2e.sourcelookup_1.17.4.20211002-1029\META-INF\maven\org.eclipse.m2e\org.eclipse.m2e.sourcelookup\pom.xml
C:\Users\sowmya.shree\.p2\pool\plugins\org.eclipse.wildwebdeveloper_0.5.18.202111090852\META-INF\maven\org.eclipse.wildwebdeveloper\org.eclipse.wildwebdeveloper\pom.xml
C:\Users\sowmya.shree\Desktop\api_gateway\pom.xml
C:\Users\sowmya.shree\Desktop\api_gateway\target\classes\META-INF\maven\com.sa.gd\APIGateway\pom.xml
C:\Users\sowmya.shree\Desktop\appointment-service\pom.xml
C:\Users\sowmya.shree\Desktop\appointment-service\target\classes\META-INF\maven\com.pratian\AppointmentService\pom.xml
C:\Users\sowmya.shree\Desktop\appointment-service-developer\pom.xml
C:\Users\sowmya.shree\Desktop\appointment-service-developer\target\classes\META-INF\maven\com.pratian\AppointmentService\pom.xml
C:\Users\sowmya.shree\Desktop\CMD\appointment-service\pom.xml
C:\Users\sowmya.shree\Desktop\CMD\appointment-service\target\classes\META-INF\maven\com.pratian\AppointmentService\pom.xml
C:\Users\sowmya.shree\Desktop\CMD\appointment-service-developer\pom.xml
C:\Users\sowmya.shree\Desktop\CMD\appointment-service-developer\target\classes\META-INF\maven\com.pratian\AppointmentService\pom.xml
C:\Users\sowmya.shree\Desktop\CMD\CMD B4\appointment-service-developer\pom.xml
C:\Users\sowmya.shree\Desktop\CMD\CMD B4\appointment-service-developer\target\classes\META-INF\maven\com.pratian\AppointmentService\pom.xml
C:\Users\sowmya.shree\Desktop\CMD\CMD B4\patient-service-developer\pom.xml
C:\Users\sowmya.shree\Desktop\CMD\CMD B4\patient-service-developer\target\classes\META-INF\maven\com.pratian\PatientService\pom.xml
C:\Users\sowmya.shree\Desktop\CMD\CMD Zensar\appointment-service\bin\pom.xml
C:\Users\sowmya.shree\Desktop\CMD\CMD Zensar\appointment-service\pom.xml
C:\Users\sowmya.shree\Desktop\CMD\CMD Zensar\appointment-service\target\classes\META-INF\maven\com.example\AppointmentService\pom.xml
C:\Users\sowmya.shree\Desktop\CMD\CMD Zensar\patient-service\pom.xml
C:\Users\sowmya.shree\Desktop\CMD\CMD Zensar\patient-service\src\target\classes\META-INF\maven\com.pratian\PatientService\pom.xml
C:\Users\sowmya.shree\Desktop\CMD\CMD Zensar\patient-service\target\classes\META-INF\maven\com.pratian\PatientService\pom.xml
C:\Users\sowmya.shree\Desktop\CMD\patient-service\pom.xml
C:\Users\sowmya.shree\Desktop\CMD\patient-service-developer\pom.xml
C:\Users\sowmya.shree\Desktop\CMD\patient-service-developer\target\classes\META-INF\maven\com.pratian\PatientService\pom.xml
C:\Users\sowmya.shree\Desktop\CMD\rabbitmqspringapp\consumer-service\pom.xml
C:\Users\sowmya.shree\Desktop\CMD\rabbitmqspringapp\pom.xml
C:\Users\sowmya.shree\Desktop\CMD\rabbitmqspringapp\producer-service\pom.xml
C:\Users\sowmya.shree\Desktop\CMD\settings\pom.xml
C:\Users\sowmya.shree\Desktop\CMD\sfg-blog-posts\api-gateway-pattern\apigateway-service\pom.xml
C:\Users\sowmya.shree\Desktop\CMD\sfg-blog-posts\api-gateway-pattern\message-service\pom.xml
C:\Users\sowmya.shree\Desktop\CMD\sfg-blog-posts\api-gateway-pattern\pom.xml
C:\Users\sowmya.shree\Desktop\CMD\sfg-blog-posts\argumentcaptors\pom.xml
C:\Users\sowmya.shree\Desktop\CMD\sfg-blog-posts\autowiringdemo\pom.xml
C:\Users\sowmya.shree\Desktop\CMD\sfg-blog-posts\basicauthentication\pom.xml
C:\Users\sowmya.shree\Desktop\CMD\sfg-blog-posts\bean-definition-inheritance\pom.xml
C:\Users\sowmya.shree\Desktop\CMD\sfg-blog-posts\cachevict\pom.xml
C:\Users\sowmya.shree\Desktop\CMD\sfg-blog-posts\custom-queries-with-spring-data-jpa\pom.xml
C:\Users\sowmya.shree\Desktop\CMD\sfg-blog-posts\di-best-practices\pom.xml
C:\Users\sowmya.shree\Desktop\CMD\sfg-blog-posts\docker-layer-svc1\pom.xml
C:\Users\sowmya.shree\Desktop\CMD\sfg-blog-posts\docker-layer-svc2\pom.xml
C:\Users\sowmya.shree\Desktop\CMD\sfg-blog-posts\error-handling-in-spring\pom.xml
C:\Users\sowmya.shree\Desktop\CMD\sfg-blog-posts\example-post\pom.xml
C:\Users\sowmya.shree\Desktop\CMD\sfg-blog-posts\external-configuration\pom.xml
C:\Users\sowmya.shree\Desktop\CMD\sfg-blog-posts\fabric8-docker-maven\pom.xml
C:\Users\sowmya.shree\Desktop\CMD\sfg-blog-posts\hikaricp-springboot2-mysql\pom.xml
C:\Users\sowmya.shree\Desktop\CMD\sfg-blog-posts\java-bean-validation\pom.xml
C:\Users\sowmya.shree\Desktop\CMD\sfg-blog-posts\java-list-operations\pom.xml
C:\Users\sowmya.shree\Desktop\CMD\sfg-blog-posts\jdbc-template\pom.xml
C:\Users\sowmya.shree\Desktop\CMD\sfg-blog-posts\maplombok\pom.xml
C:\Users\sowmya.shree\Desktop\CMD\sfg-blog-posts\multimodule-spring-boot-project\module-1\pom.xml
C:\Users\sowmya.shree\Desktop\CMD\sfg-blog-posts\multimodule-spring-boot-project\module-2\pom.xml
C:\Users\sowmya.shree\Desktop\CMD\sfg-blog-posts\multimodule-spring-boot-project\pom.xml
C:\Users\sowmya.shree\Desktop\CMD\sfg-blog-posts\multiple-data-sources\pom.xml
C:\Users\sowmya.shree\Desktop\CMD\sfg-blog-posts\one-to-many-association\pom.xml
C:\Users\sowmya.shree\Desktop\CMD\sfg-blog-posts\one-to-one-association\pom.xml
C:\Users\sowmya.shree\Desktop\CMD\sfg-blog-posts\parameterizedqueries\pom.xml
C:\Users\sowmya.shree\Desktop\CMD\sfg-blog-posts\pom.xml
C:\Users\sowmya.shree\Desktop\CMD\sfg-blog-posts\publish-docker-image-to-docker-hub\pom.xml
C:\Users\sowmya.shree\Desktop\CMD\sfg-blog-posts\rabbitmqspringapp\consumer-service\pom.xml
C:\Users\sowmya.shree\Desktop\CMD\sfg-blog-posts\rabbitmqspringapp\pom.xml
C:\Users\sowmya.shree\Desktop\CMD\sfg-blog-posts\rabbitmqspringapp\producer-service\pom.xml
C:\Users\sowmya.shree\Desktop\CMD\sfg-blog-posts\request-body-demo\pom.xml
C:\Users\sowmya.shree\Desktop\CMD\sfg-blog-posts\resourceloaderdemo\pom.xml
C:\Users\sowmya.shree\Desktop\CMD\sfg-blog-posts\restserviceforproduct\pom.xml
C:\Users\sowmya.shree\Desktop\CMD\sfg-blog-posts\resttemplate\pom.xml
C:\Users\sowmya.shree\Desktop\CMD\sfg-blog-posts\spring-actuator-demo\pom.xml
C:\Users\sowmya.shree\Desktop\CMD\sfg-blog-posts\spring-bean-scopes\pom.xml
C:\Users\sowmya.shree\Desktop\CMD\sfg-blog-posts\spring-boot-docker\pom.xml
C:\Users\sowmya.shree\Desktop\CMD\sfg-blog-posts\spring-boot-docker-compose\pom.xml
C:\Users\sowmya.shree\Desktop\CMD\sfg-blog-posts\spring-boot-docker-compose\user-service\pom.xml
C:\Users\sowmya.shree\Desktop\CMD\sfg-blog-posts\spring-boot-ehcache\pom.xml
C:\Users\sowmya.shree\Desktop\CMD\sfg-blog-posts\spring-boot-pagination\pom.xml
C:\Users\sowmya.shree\Desktop\CMD\sfg-blog-posts\spring-core-concepts\pom.xml
C:\Users\sowmya.shree\Desktop\CMD\sfg-blog-posts\spring-factory-method\pom.xml
C:\Users\sowmya.shree\Desktop\CMD\sfg-blog-posts\spring-profiles\pom.xml
C:\Users\sowmya.shree\Desktop\CMD\sfg-blog-posts\spring-requestbody-annotation\pom.xml
C:\Users\sowmya.shree\Desktop\CMD\sfg-blog-posts\spring-rest-docs\pom.xml
C:\Users\sowmya.shree\Desktop\CMD\sfg-blog-posts\spring-retry\pom.xml
C:\Users\sowmya.shree\Desktop\CMD\sfg-blog-posts\spring-state-machine\pom.xml
C:\Users\sowmya.shree\Desktop\CMD\sfg-blog-posts\springawareinterfaces\pom.xml
C:\Users\sowmya.shree\Desktop\CMD\sfg-blog-posts\springbeanlifecycle\pom.xml
C:\Users\sowmya.shree\Desktop\CMD\sfg-blog-posts\springboot-graphql-app\pom.xml
C:\Users\sowmya.shree\Desktop\CMD\sfg-blog-posts\springboot-internationalization\pom.xml
C:\Users\sowmya.shree\Desktop\CMD\sfg-blog-posts\springboot-lombok-part1\pom.xml
C:\Users\sowmya.shree\Desktop\CMD\sfg-blog-posts\springboot-lombok-part2\pom.xml
C:\Users\sowmya.shree\Desktop\CMD\sfg-blog-posts\springdependencyinjection\pom.xml
C:\Users\sowmya.shree\Desktop\CMD\sfg-blog-posts\stored-procedure-call\pom.xml
C:\Users\sowmya.shree\Desktop\CMD\sfg-blog-posts\stored-procedure-with-spring-boot\pom.xml
C:\Users\sowmya.shree\Desktop\CMD\sfg-blog-posts\testingspringbootrestfulservice\pom.xml
C:\Users\sowmya.shree\Desktop\eatick_jersey-Rayhan_Gafoor\pom.xml
C:\Users\sowmya.shree\Desktop\eatick_jersey-Rayhan_Gafoor\target\m2e-wtp\web-resources\META-INF\maven\org.pratian\eatick\pom.xml
C:\Users\sowmya.shree\Desktop\Eattick 2\pom.xml
C:\Users\sowmya.shree\Desktop\Eattick 2\target\m2e-wtp\web-resources\META-INF\maven\com.pratian\Eattick\pom.xml
C:\Users\sowmya.shree\Desktop\final-project-execution\pom.xml
C:\Users\sowmya.shree\Desktop\final-project-execution\target\classes\META-INF\maven\com.ros.inventory\InventoryService\pom.xml
C:\Users\sowmya.shree\Desktop\HR dev\ROS_HR-SERVICE\HRService\bin\pom.xml
C:\Users\sowmya.shree\Desktop\HR dev\ROS_HR-SERVICE\HRService\pom.xml
C:\Users\sowmya.shree\Desktop\HR dev\ROS_HR-SERVICE\HRService\target\classes\META-INF\maven\com.ros.hr\HRServiceTest\pom.xml
C:\Users\sowmya.shree\Desktop\InventoryService\pom.xml
C:\Users\sowmya.shree\Desktop\InventoryService\target\classes\META-INF\maven\com.ros.inventory\InventoryService\pom.xml
C:\Users\sowmya.shree\Desktop\java-spring-security-example-master\pom.xml
C:\Users\sowmya.shree\Desktop\java-spring-security-example-master\target\classes\META-INF\maven\io.example\java-spring-security-example\pom.xml
C:\Users\sowmya.shree\Desktop\jersey\pom.xml
C:\Users\sowmya.shree\Desktop\jersey\target\m2e-wtp\web-resources\META-INF\maven\com.pratian\Eattick\pom.xml
C:\Users\sowmya.shree\Desktop\Jersey assessment\jersey-assessment-Ashraf_Kutub\pom.xml
C:\Users\sowmya.shree\Desktop\Jersey assessment\jersey-assessment-Ashraf_Kutub\target\m2e-wtp\web-resources\META-INF\maven\com.pratian\TicketControllerSystem\pom.xml
C:\Users\sowmya.shree\Desktop\Jersey assessment\jersey-assessment-Ashraf_Kutub\TicketControllerSystem\pom.xml
C:\Users\sowmya.shree\Desktop\Jersey assessment\jersey-assessment-Ashraf_Kutub\TicketControllerSystem\target\m2e-wtp\web-resources\META-INF\maven\com.pratian\TicketControllerSystem\pom.xml
C:\Users\sowmya.shree\Desktop\Jersey assessment\jersey-assessment-Dhruvkumar_Khatri\pom.xml
C:\Users\sowmya.shree\Desktop\Jersey assessment\jersey-assessment-Dhruvkumar_Khatri\target\m2e-wtp\web-resources\META-INF\maven\com.pratian\TicketControllerSystem\pom.xml
C:\Users\sowmya.shree\Desktop\Jersey assessment\jersey-assessment-Dhruvkumar_Khatri\TicketControllerSystem\pom.xml
C:\Users\sowmya.shree\Desktop\Jersey assessment\jersey-assessment-Dhruvkumar_Khatri\TicketControllerSystem\target\m2e-wtp\web-resources\META-INF\maven\com.pratian\TicketControllerSystem\pom.xml
C:\Users\sowmya.shree\Desktop\Jersey assessment\jersey-assessment-Dinesh_Kumar\pom.xml
C:\Users\sowmya.shree\Desktop\Jersey assessment\jersey-assessment-Dinesh_Kumar\target\m2e-wtp\web-resources\META-INF\maven\com.pratian\Eattick\pom.xml
C:\Users\sowmya.shree\Desktop\Jersey assessment\jersey-assessment-Dinesh_Kumar\target\m2e-wtp\web-resources\META-INF\maven\com.pratian\TicketControllerSystem\pom.xml
C:\Users\sowmya.shree\Desktop\Jersey assessment\jersey-assessment-Manoj_Mohanta\pom.xml
C:\Users\sowmya.shree\Desktop\Jersey assessment\jersey-assessment-Manoj_Mohanta\target\m2e-wtp\web-resources\META-INF\maven\com.pratian\TicketControllerSystem\pom.xml
C:\Users\sowmya.shree\Desktop\Jersey assessment\jersey-assessment-Md_Afzal\pom.xml
C:\Users\sowmya.shree\Desktop\Jersey assessment\jersey-assessment-Md_Afzal\target\m2e-wtp\web-resources\META-INF\maven\com.pratian\TicketControllerSystem\pom.xml
C:\Users\sowmya.shree\Desktop\Jersey assessment\jersey-assessment-Mohammad_Yaqub\pom.xml
C:\Users\sowmya.shree\Desktop\Jersey assessment\jersey-assessment-Mohammad_Yaqub\target\classes\META-INF\maven\com.pratian\TicketControllerSystem\pom.xml
C:\Users\sowmya.shree\Desktop\Jersey assessment\jersey-assessment-Pranshu_Sharma\pom.xml
C:\Users\sowmya.shree\Desktop\Jersey assessment\jersey-assessment-Pranshu_Sharma\target\classes\META-INF\maven\com.example\jersey-assessment\pom.xml
C:\Users\sowmya.shree\Desktop\Jersey assessment\jersey-assessment-Rayhan_Gafoor\pom.xml
C:\Users\sowmya.shree\Desktop\Jersey assessment\jersey-assessment-Rayhan_Gafoor\target\m2e-wtp\web-resources\META-INF\maven\com.pratian\TicketControllerSystem\pom.xml
C:\Users\sowmya.shree\Desktop\Jersey assessment\jersey-assessment-Rayhan_Gafoor\TicketControllerSystem\pom.xml
C:\Users\sowmya.shree\Desktop\Jersey assessment\jersey-assessment-Rayhan_Gafoor\TicketControllerSystem\target\m2e-wtp\web-resources\META-INF\maven\com.pratian\TicketControllerSystem\pom.xml
C:\Users\sowmya.shree\Desktop\Jersey assessment\jersey-assessment-Sangita_Khandual\pom.xml
C:\Users\sowmya.shree\Desktop\Jersey assessment\jersey-assessment-Sangita_Khandual\target\m2e-wtp\web-resources\META-INF\maven\com.pratian\TicketControllerSystem\pom.xml
C:\Users\sowmya.shree\Desktop\Jersey assessment\jersey-assessment-Shubakanta_Mohanty\pom.xml
C:\Users\sowmya.shree\Desktop\Jersey assessment\jersey-assessment-Shubakanta_Mohanty\target\m2e-wtp\web-resources\META-INF\maven\com.pratian\TicketControllerSystem\pom.xml
C:\Users\sowmya.shree\Desktop\Jersey assessment\jersey-assessment-Sonali_Palo\pom.xml
C:\Users\sowmya.shree\Desktop\Jersey assessment\jersey-assessment-Sonali_Palo\target\m2e-wtp\web-resources\META-INF\maven\com.pratian\TicketControllerSystem\pom.xml
C:\Users\sowmya.shree\Desktop\Jersey assessment\jersey-assessment-Vinay_Kumar\pom.xml
C:\Users\sowmya.shree\Desktop\Jersey assessment\jersey-assessment-Vinay_Kumar\target\m2e-wtp\web-resources\META-INF\maven\com.pratian\TicketControllerSystem\pom.xml
C:\Users\sowmya.shree\Desktop\Jersey assessment\jersey-assessment-Yogesh_Sarode\pom.xml
C:\Users\sowmya.shree\Desktop\Jersey assessment\jersey-assessment-Yogesh_Sarode\target\m2e-wtp\web-resources\META-INF\maven\com.pratian\TicketControllerSystem\pom.xml
C:\Users\sowmya.shree\Desktop\Labs\final-project-execution\pom.xml
C:\Users\sowmya.shree\Desktop\Labs\final-project-execution\target\classes\META-INF\maven\com.ros.inventory\InventoryService\pom.xml
C:\Users\sowmya.shree\Desktop\Labs\hands-on_labs-and-case-studies\Hibernate\HeartihealthLab\pom.xml
C:\Users\sowmya.shree\Desktop\Labs\hands-on_labs-and-case-studies\Hibernate\HeartihealthLab\target\classes\META-INF\maven\com.sa.heartihealth\HeartihealthLab\pom.xml
C:\Users\sowmya.shree\Desktop\Labs\hands-on_labs-and-case-studies\ORM\ORMLab2\pom.xml
C:\Users\sowmya.shree\Desktop\Labs\hands-on_labs-and-case-studies\ORM\ORMLab2\target\classes\META-INF\maven\com.orm.lab2\ORMLab2\pom.xml
C:\Users\sowmya.shree\Desktop\Labs\hands-on_labs-and-case-studies\ORM\ORMLab3\pom.xml
C:\Users\sowmya.shree\Desktop\Labs\hands-on_labs-and-case-studies\ORM\ORMLab3\target\classes\META-INF\maven\com.orm.lab3\ORMLab3\pom.xml
C:\Users\sowmya.shree\Desktop\Labs\hands-on_labs-and-case-studies\Spring\mobileStoreProject\pom.xml
C:\Users\sowmya.shree\Desktop\Labs\hands-on_labs-and-case-studies\Spring\mobileStoreProject\target\classes\META-INF\maven\com.example\mobileStoreProject\pom.xml
C:\Users\sowmya.shree\Desktop\maven project\project\maven_tomcat\pom.xml
C:\Users\sowmya.shree\Desktop\maven_tomcat-master\maven_tomcat\pom.xml
C:\Users\sowmya.shree\Desktop\Microservice\MenuService\pom.xml
C:\Users\sowmya.shree\Desktop\Microservice\MenuService\target\classes\META-INF\maven\com.example\MenuService\pom.xml
C:\Users\sowmya.shree\Desktop\Microservice\MenuService1\pom.xml
C:\Users\sowmya.shree\Desktop\Microservice\MenuService1\target\classes\META-INF\maven\com.pratian\MenuService\pom.xml
C:\Users\sowmya.shree\Desktop\Microservice\ServiceRegistry\pom.xml
C:\Users\sowmya.shree\Desktop\Microservice\ServiceRegistry\target\classes\META-INF\maven\com.pratian\ServiceRegistry\pom.xml
C:\Users\sowmya.shree\Desktop\Microservices\AccountingService\pom.xml
C:\Users\sowmya.shree\Desktop\Microservices\AccountingService\target\classes\META-INF\maven\com.ros.accounting\AccountingService\pom.xml
C:\Users\sowmya.shree\Desktop\Microservices\api-gateway\pom.xml
C:\Users\sowmya.shree\Desktop\Microservices\api-gateway\target\classes\META-INF\maven\com.sa.gd\APIGateway\pom.xml
C:\Users\sowmya.shree\Desktop\Microservices\APIGateway\pom.xml
C:\Users\sowmya.shree\Desktop\Microservices\APIGateway\target\classes\META-INF\maven\com.pratian\APIGateway\pom.xml
C:\Users\sowmya.shree\Desktop\Microservices\MenuService\pom.xml
C:\Users\sowmya.shree\Desktop\Microservices\MenuService\target\classes\META-INF\maven\com.pratian\MenuService\pom.xml
C:\Users\sowmya.shree\Desktop\Microservices\service-registry\pom.xml
C:\Users\sowmya.shree\Desktop\Microservices\service-registry\target\classes\META-INF\maven\com.pratian\ServiceRegistry\pom.xml
C:\Users\sowmya.shree\Desktop\Microservices\ServiceRegistry\pom.xml
C:\Users\sowmya.shree\Desktop\Microservices\ServiceRegistry\target\classes\META-INF\maven\com.pratian\ServiceRegistry\pom.xml
C:\Users\sowmya.shree\Desktop\Microservices\UserService\pom.xml
C:\Users\sowmya.shree\Desktop\Microservices\UserService\target\classes\META-INF\maven\com.pratian\UserService\pom.xml
C:\Users\sowmya.shree\Desktop\patient-service\pom.xml
C:\Users\sowmya.shree\Desktop\patient-service\target\classes\META-INF\maven\com.pratian\PatientService\pom.xml
C:\Users\sowmya.shree\Desktop\patient-service(zipped)\pom.xml
C:\Users\sowmya.shree\Desktop\patient-service(zipped)\target\classes\META-INF\maven\com.pratian\PatientService\pom.xml
C:\Users\sowmya.shree\Desktop\Project\e-commerce-microservices\api-gateway\pom.xml
C:\Users\sowmya.shree\Desktop\Project\e-commerce-microservices\api-gateway\target\classes\META-INF\maven\com.rainbowforest\api-gateway\pom.xml
C:\Users\sowmya.shree\Desktop\Project\e-commerce-microservices\eureka-server\pom.xml
C:\Users\sowmya.shree\Desktop\Project\e-commerce-microservices\eureka-server\target\classes\META-INF\maven\com.rainbowforest\eureka-server\pom.xml
C:\Users\sowmya.shree\Desktop\Project\e-commerce-microservices\order-service\pom.xml
C:\Users\sowmya.shree\Desktop\Project\e-commerce-microservices\order-service\target\classes\META-INF\maven\com.rainbowforest\order-service\pom.xml
C:\Users\sowmya.shree\Desktop\Project\e-commerce-microservices\product-catalog-service\pom.xml
C:\Users\sowmya.shree\Desktop\Project\e-commerce-microservices\product-catalog-service\target\classes\META-INF\maven\com.rainbowforest\product-catalog-service\pom.xml
C:\Users\sowmya.shree\Desktop\Project\e-commerce-microservices\product-recommendation-service\pom.xml
C:\Users\sowmya.shree\Desktop\Project\e-commerce-microservices\product-recommendation-service\target\classes\META-INF\maven\com.rainbowforest\product-recommendation-service\pom.xml
C:\Users\sowmya.shree\Desktop\Project\e-commerce-microservices\user-service\pom.xml
C:\Users\sowmya.shree\Desktop\Project\e-commerce-microservices\user-service\target\classes\META-INF\maven\com.rainbowforest\user-service\pom.xml
C:\Users\sowmya.shree\Desktop\ROS\Accounting dev\ROS_ACCOUNTING-SERVICE\Accounting-Service\pom.xml
C:\Users\sowmya.shree\Desktop\ROS\Accounting dev\ROS_ACCOUNTING-SERVICE\Accounting-Service\target\classes\META-INF\maven\com.ros.accounting\AccountingService\pom.xml
C:\Users\sowmya.shree\Desktop\ROS\admin poc feature\ROS_ADMINISTRATION-SERVICE\AdministrationService\bin\pom.xml
C:\Users\sowmya.shree\Desktop\ROS\admin poc feature\ROS_ADMINISTRATION-SERVICE\AdministrationService\pom.xml
C:\Users\sowmya.shree\Desktop\ROS\admin poc feature\ROS_ADMINISTRATION-SERVICE\AdministrationService\target\classes\META-INF\maven\com.ros.administration\AdministrationService\pom.xml
C:\Users\sowmya.shree\Desktop\ROS\ATMECS\HRService\bin\pom.xml
C:\Users\sowmya.shree\Desktop\ROS\ATMECS\HRService\pom.xml
C:\Users\sowmya.shree\Desktop\ROS\ATMECS\HRService\target\classes\META-INF\maven\com.ros.hr\HRService\pom.xml
C:\Users\sowmya.shree\Desktop\ROS\feature-inventory-BE\ROS_INVENTORY-SERVICE\Inventory-Service\pom.xml
C:\Users\sowmya.shree\Desktop\ROS\feature-inventory-BE\ROS_INVENTORY-SERVICE\Inventory-Service\target\classes\META-INF\maven\com.ros.inventory\InventoryService\pom.xml
C:\Users\sowmya.shree\Desktop\ROS\HR dev\ROS_HR-SERVICE\HRService\bin\pom.xml
C:\Users\sowmya.shree\Desktop\ROS\HR dev\ROS_HR-SERVICE\HRService\pom.xml
C:\Users\sowmya.shree\Desktop\ROS\HR dev\ROS_HR-SERVICE\HRService\target\classes\META-INF\maven\com.ros.hr\HRServiceTest\pom.xml
C:\Users\sowmya.shree\Desktop\ROS\latest\Inventory-Service_old\pom.xml
C:\Users\sowmya.shree\Desktop\ROS\latest\Inventory-Service_old\target\classes\META-INF\maven\com.ros.inventory\InventoryService\pom.xml
C:\Users\sowmya.shree\Desktop\ROS\latest\ROS_INVENTORY-SERVICE\Inventory-Service\pom.xml
C:\Users\sowmya.shree\Desktop\ROS\latest\ROS_INVENTORY-SERVICE\Inventory-Service\target\classes\META-INF\maven\com.ros.inventory\InventoryService\pom.xml
C:\Users\sowmya.shree\Desktop\ROS\ROS_ACCOUNTING-SERVICE\Accounting-Service\pom.xml
C:\Users\sowmya.shree\Desktop\ROS\ROS_ADMINISTRATION-SERVICE\AdministrationService\bin\pom.xml
C:\Users\sowmya.shree\Desktop\ROS\ROS_ADMINISTRATION-SERVICE\AdministrationService\pom.xml
C:\Users\sowmya.shree\Desktop\ROS\ROS_ADMINISTRATION-SERVICE\AdministrationService\target\classes\META-INF\maven\com.ros.administration\AdministrationService\pom.xml
C:\Users\sowmya.shree\Desktop\ROS\ROS_HR-SERVICE\HRService\bin\pom.xml
C:\Users\sowmya.shree\Desktop\ROS\ROS_HR-SERVICE\HRService\pom.xml
C:\Users\sowmya.shree\Desktop\ROS\ROS_HR-SERVICE\HRService\target\classes\META-INF\maven\com.ros.hr\HRServiceTest\pom.xml
C:\Users\sowmya.shree\Desktop\ROS\ROS_INVENTORY-SERVICE\Inventory-Service\pom.xml
C:\Users\sowmya.shree\Desktop\ROS\ROS_INVENTORY-SERVICE\Inventory-Service\target\classes\META-INF\maven\com.ros.inventory\InventoryService\pom.xml
C:\Users\sowmya.shree\Desktop\spring-boot-jwt-JPA\pom.xml
C:\Users\sowmya.shree\Desktop\spring-boot-jwt-JPA\target\classes\META-INF\maven\com.javainuse\spring-boot-jwt\pom.xml
C:\Users\sowmya.shree\Desktop\spring-boot-jwt-without-JPA\spring-boot-jwt\pom.xml
C:\Users\sowmya.shree\Desktop\spring-boot-jwt-without-JPA\spring-boot-jwt\target\classes\META-INF\maven\com.javainuse\spring-boot-jwt\pom.xml
C:\Users\sowmya.shree\Desktop\spring-boot-security-oauth2-master\pom.xml
C:\Users\sowmya.shree\Desktop\spring-boot-security-oauth2-master\target\classes\META-INF\maven\com.devglan\spring-boot-security-oauth2-example\pom.xml
C:\Users\sowmya.shree\Documents\inventory-service\inventory-service\pom.xml
C:\Users\sowmya.shree\Documents\inventory-service\inventory-service\target\classes\META-INF\maven\com.ros.inventory\InventoryService\pom.xml
C:\Users\sowmya.shree\Documents\workspace-spring-tool-suite-4-4.2.0.RELEASE\MenuService\pom.xml
C:\Users\sowmya.shree\Documents\workspace-spring-tool-suite-4-4.2.0.RELEASE\MenuService\target\classes\META-INF\maven\com.example\MenuService\pom.xml
C:\Users\sowmya.shree\Documents\workspace-spring-tool-suite-4-4.2.0.RELEASE\ROS_AccountingService\pom.xml
C:\Users\sowmya.shree\Documents\workspace-spring-tool-suite-4-4.2.0.RELEASE\ROS_AccountingService\target\classes\META-INF\maven\com.ros\ROS_AccountingService\pom.xml
C:\Users\sowmya.shree\Documents\workspace-spring-tool-suite-4-4.2.0.RELEASE\springboojpa\pom.xml
C:\Users\sowmya.shree\Documents\workspace-spring-tool-suite-4-4.2.0.RELEASE\springboojpa\target\classes\META-INF\maven\com.example\springboojpa\pom.xml
C:\Users\sowmya.shree\Documents\workspace-spring-tool-suite-4-4.2.0.RELEASE\springbootdemo\pom.xml
C:\Users\sowmya.shree\Documents\workspace-spring-tool-suite-4-4.2.0.RELEASE\springbootdemo-1\pom.xml
C:\Users\sowmya.shree\Documents\workspace-spring-tool-suite-4-4.2.0.RELEASE\springbootdemo-1\target\classes\META-INF\maven\com.example\springbootdemo-1\pom.xml
C:\Users\sowmya.shree\Documents\workspace-spring-tool-suite-4-4.2.0.RELEASE\springbootrestdemo\pom.xml
C:\Users\sowmya.shree\Documents\workspace-spring-tool-suite-4-4.2.0.RELEASE\springbootrestdemo\target\classes\META-INF\maven\com.example\springbootrestdemo\pom.xml
C:\Users\sowmya.shree\Documents\workspace-spring-tool-suite-4-4.2.0.RELEASE\SpringMVC\pom.xml
C:\Users\sowmya.shree\Downloads\final-project-execution-shruthi.br\final-project-execution-shruthi.br\pom.xml
C:\Users\sowmya.shree\Downloads\final-project-execution-shruthi.br\final-project-execution-shruthi.br\target\classes\META-INF\maven\com.ros.inventory\InventoryService\pom.xml
C:\Users\sowmya.shree\Downloads\final-project-execution-veena.deshmukh\final-project-execution-veena.deshmukh\bin\pom.xml
C:\Users\sowmya.shree\Downloads\final-project-execution-veena.deshmukh\final-project-execution-veena.deshmukh\bin\target\classes\META-INF\maven\com.ros.inventory\InventoryService\pom.xml
C:\Users\sowmya.shree\Downloads\final-project-execution-veena.deshmukh\final-project-execution-veena.deshmukh\pom.xml
C:\Users\sowmya.shree\Downloads\final-project-execution-veena.deshmukh\final-project-execution-veena.deshmukh\target\classes\META-INF\maven\com.ros.inventory\InventoryService\pom.xml
C:\Users\sowmya.shree\Downloads\inventory-service-TestBranch\inventory-service-TestBranch\pom.xml
C:\Users\sowmya.shree\Downloads\inventory-service-TestBranch\inventory-service-TestBranch\target\classes\META-INF\maven\com.ros.inventory\InventoryService\pom.xml
C:\Users\sowmya.shree\Downloads\InventoryService\pom.xml
C:\Users\sowmya.shree\eclipse\jee-2021-12\eclipse\configuration\org.eclipse.osgi\219\0\.cp\META-INF\maven\org.eclipse.datatools.plugins\org.eclipse.datatools.intro\pom.xml
C:\Users\sowmya.shree\eclipse\jee-2021-12\eclipse\configuration\org.eclipse.osgi\304\0\.cp\META-INF\maven\org.eclipse.egit\org.eclipse.egit.doc\pom.xml
C:\Users\sowmya.shree\eclipse\jee-2021-12\eclipse\configuration\org.eclipse.osgi\596\0\.cp\META-INF\maven\org.eclipse.m2e\org.eclipse.m2e.core.ui\pom.xml
C:\Users\sowmya.shree\eclipse\jee-2021-12\eclipse\configuration\org.eclipse.osgi\901\0\.cp\META-INF\maven\org.eclipse.webtools.releng\org.eclipse.wtp.epp.package.jee.intro\pom.xml
C:\Users\sowmya.shree\eclipse-workspace\eatick1\pom.xml
C:\Users\sowmya.shree\eclipse-workspace\eatick1\target\m2e-wtp\web-resources\META-INF\maven\com.pratian\eatick\pom.xml
C:\Users\sowmya.shree\eclipse-workspace\EatickDemo\pom.xml
C:\Users\sowmya.shree\eclipse-workspace\EatickDemo\target\m2e-wtp\web-resources\META-INF\maven\com.sa.eatick\EatickDemo\pom.xml
C:\Users\sowmya.shree\eclipse-workspace\Eattick\pom.xml
C:\Users\sowmya.shree\eclipse-workspace\Eattick\target\m2e-wtp\web-resources\META-INF\maven\com.pratian\Eattick\pom.xml
C:\Users\sowmya.shree\eclipse-workspace\TicketControllerSystem1\pom.xml
C:\Users\sowmya.shree\eclipse-workspace\TicketControllerSystem1\target\m2e-wtp\web-resources\META-INF\maven\com.pratian\TicketControllerSystem\pom.xml
C:\Users\sowmya.shree\OneDrive - Pratian Technologies (India) Pvt. Ltd\Amadeus Java Udaan\Akanksha\final-project-execution\final-project-execution-supplier\pom.xml
C:\Users\sowmya.shree\OneDrive - Pratian Technologies (India) Pvt. Ltd\Amadeus Java Udaan\Akanksha\final-project-execution\pom.xml
C:\Users\sowmya.shree\OneDrive - Pratian Technologies (India) Pvt. Ltd\Amadeus Java Udaan\final-project-execution\final-project-execution-supplier\pom.xml
C:\Users\sowmya.shree\OneDrive - Pratian Technologies (India) Pvt. Ltd\Amadeus Java Udaan\final-project-execution\pom.xml
C:\Users\sowmya.shree\OneDrive - Pratian Technologies (India) Pvt. Ltd\Amadeus Java Udaan\Latha\final-project-execution - Copy\pom.xml
C:\Users\sowmya.shree\OneDrive - Pratian Technologies (India) Pvt. Ltd\Amadeus Java Udaan\Latha\final-project-execution - Copy\target\classes\META-INF\maven\com.ros.inventory\InventoryService\pom.xml
C:\Users\sowmya.shree\OneDrive - Pratian Technologies (India) Pvt. Ltd\Amadeus Java Udaan\Sesi Rekha\final-project-execution\pom.xml
C:\Users\sowmya.shree\OneDrive - Pratian Technologies (India) Pvt. Ltd\Amadeus Java Udaan\Sesi Rekha\final-project-execution\target\classes\META-INF\maven\com.ros.inventory\InventoryService\pom.xml
C:\Users\sowmya.shree\OneDrive - Pratian Technologies (India) Pvt. Ltd\Amadeus Java Udaan\Suchismita_InventoryService\final-project-execution\pom.xml
C:\Users\sowmya.shree\OneDrive - Pratian Technologies (India) Pvt. Ltd\Amadeus Java Udaan\Suchismita_InventoryService\final-project-execution\target\classes\META-INF\maven\com.ros.inventory\InventoryService\pom.xml
C:\Users\sowmya.shree\OneDrive - Pratian Technologies (India) Pvt. Ltd\Desktop\Eattick\pom.xml
C:\Users\sowmya.shree\OneDrive - Pratian Technologies (India) Pvt. Ltd\Desktop\Eattick\target\m2e-wtp\web-resources\META-INF\maven\com.pratian\Eattick\pom.xml
C:\Users\sowmya.shree\OneDrive - Pratian Technologies (India) Pvt. Ltd\Java Labs and Case Studies Solutions\Hibernate and JPA\HeartiHealth Hibernate\pom.xml
C:\Users\sowmya.shree\OneDrive - Pratian Technologies (India) Pvt. Ltd\Java Labs and Case Studies Solutions\Hibernate and JPA\HeartiHealth JPA\pom.xml
C:\Users\sowmya.shree\OneDrive - Pratian Technologies (India) Pvt. Ltd\Java Labs and Case Studies Solutions\OO Programming\BankOfSuccess\pom.xml
C:\Users\sowmya.shree\OneDrive - Pratian Technologies (India) Pvt. Ltd\Java Labs and Case Studies Solutions\OO Programming\BankOfSuccess\target\classes\META-INF\maven\com.bankofsuccess\bankosuccess\pom.xml
C:\Users\sowmya.shree\OneDrive - Pratian Technologies (India) Pvt. Ltd\Java Labs and Case Studies Solutions\Spring\Spring codebases solution\springmvc1\pom.xml
C:\Users\sowmya.shree\OneDrive - Pratian Technologies (India) Pvt. Ltd\Java Labs and Case Studies Solutions\Spring\Spring codebases solution\springmvc1\target\m2e-wtp\web-resources\META-INF\maven\com.gd\springmvc1\pom.xml
C:\Users\sowmya.shree\OneDrive - Pratian Technologies (India) Pvt. Ltd\Java Labs and Case Studies Solutions\Spring\SpringBoot-JPA-Lab3\pom.xml
C:\Users\sowmya.shree\OneDrive - Pratian Technologies (India) Pvt. Ltd\Java Labs and Case Studies Solutions\Spring\SpringMVCLab1\pom.xml
C:\Users\sowmya.shree\OneDrive - Pratian Technologies (India) Pvt. Ltd\Microsoft Teams Chat Files\pom.xml
C:\Users\sowmya.shree\OneDrive - Pratian Technologies (India) Pvt. Ltd\Spring Assessment\lisha\spring_assessment_01\bin\pom.xml
C:\Users\sowmya.shree\OneDrive - Pratian Technologies (India) Pvt. Ltd\Spring Assessment\lisha\spring_assessment_01\pom.xml
C:\Users\sowmya.shree\OneDrive - Pratian Technologies (India) Pvt. Ltd\Spring Assessment\lisha\spring_assessment_01\target\m2e-wtp\web-resources\META-INF\maven\com.sa.boot\Spring_boot_Employee\pom.xml
C:\Users\sowmya.shree\OneDrive - Pratian Technologies (India) Pvt. Ltd\Spring Assessment\lisha\spring_assessment_01\target\m2e-wtp\web-resources\META-INF\maven\com.spring.boot\Ticket_issue\pom.xml
C:\Users\sowmya.shree\OneDrive - Pratian Technologies (India) Pvt. Ltd\Spring Assessment\lisha\spring_assessment_01\target\m2e-wtp\web-resources\META-INF\maven\com.spring.boot\Ticket_issue_Ticket_issue\pom.xml
C:\Users\sowmya.shree\OneDrive - Pratian Technologies (India) Pvt. Ltd\Spring Assessment\lisha\spring_assessment_01\target\m2e-wtp\web-resources\META-INF\maven\com.spring.boott\Ticket_issue_Ticket_issue\pom.xml
C:\Users\sowmya.shree\OneDrive - Pratian Technologies (India) Pvt. Ltd\Spring Assessment\sanchita project\Spring-assessment123\pom.xml
C:\Users\sowmya.shree\OneDrive - Pratian Technologies (India) Pvt. Ltd\Spring Assessment\sanchita project\Spring-assessment123\target\m2e-wtp\web-resources\META-INF\maven\com.sa.project\Spring-assessment\pom.xml
C:\Users\sowmya.shree\OneDrive - Pratian Technologies (India) Pvt. Ltd\Spring Assessment\TicketRaising_Soumya\pom.xml
C:\Users\sowmya.shree\OneDrive - Pratian Technologies (India) Pvt. Ltd\Spring Assessment\TicketRaising_Soumya\target\classes\META-INF\maven\com.springbootRestfulresource\TicketBooking\pom.xml
C:\Users\sowmya.shree\OneDrive - Pratian Technologies (India) Pvt. Ltd\Spring Assessment\venkateshspring\SpringpRest-assessment\pom.xml
C:\Users\sowmya.shree\OneDrive - Pratian Technologies (India) Pvt. Ltd\Spring Assessment\venkateshspring\SpringpRest-assessment\target\m2e-wtp\web-resources\META-INF\maven\com.sa.project\Spring-assessment\pom.xml
C:\Users\sowmya.shree\OneDrive - Pratian Technologies (India) Pvt. Ltd\Spring Assessment2\Lisha_Mahesh\Spring_Assessment\pom.xml
C:\Users\sowmya.shree\OneDrive - Pratian Technologies (India) Pvt. Ltd\Spring Assessment2\TaxCalculatorApplication(Abhinandan Das)\pom.xml
C:\Users\sowmya.shree\OneDrive - Pratian Technologies (India) Pvt. Ltd\Spring Assessment2\TaxCalculatorApplication(Abhinandan Das)\target\classes\META-INF\maven\com.app.taxApp\TaxCalculatorApplication\pom.xml
D:\AccountingService\pom.xml
D:\AccountingService\target\classes\META-INF\maven\com.ros.accounting\AccountingService\pom.xml
D:\accountingservice-feature\pom.xml
D:\accountingservice-feature\target\classes\META-INF\maven\com.ros.accounting\AccountingService\pom.xml
D:\AccountingTest\AccountingService\pom.xml
D:\AccountingTest\AccountingService\target\classes\META-INF\maven\com.ros.accounting\AccountingService\pom.xml
D:\BankOfSuccess\pom.xml
D:\BankOfSuccess\target\classes\META-INF\maven\com.bankofsuccess\bankosuccess\pom.xml
D:\D drive\CMD batch 1\api-gateway\pom.xml
D:\D drive\CMD batch 1\api-gateway\target\classes\META-INF\maven\com.pratian\Api-Gateway\pom.xml
D:\D drive\CMD batch 1\appointment-service\pom.xml
D:\D drive\CMD batch 1\appointment-service\target\classes\META-INF\maven\com.pratian\AppointmentService\pom.xml
D:\D drive\CMD batch 1\circuit-breaker\pom.xml
D:\D drive\CMD batch 1\patient-service\pom.xml
D:\D drive\CMD batch 1\patient-service\target\classes\META-INF\maven\com.pratian\PatientService\pom.xml
D:\D drive\CMD batch 1\service-registry\pom.xml
D:\D drive\CMD batch 1\service-registry\target\classes\META-INF\maven\com.pratian\ServiceRegistry\pom.xml
D:\D drive\CMD batch 1\user-service\pom.xml
D:\D drive\CMD batch 1\user-service\target\classes\META-INF\maven\com.pratian\UserService\pom.xml
D:\D drive\Spring Examples\shop\shop\pom.xml
D:\D drive\Spring Examples\shop\shop\target\classes\META-INF\maven\com.spring\shop\pom.xml
D:\D drive\Spring Examples\springbootmvcjpa1\pom.xml
D:\D drive\Spring Examples\springbootmvcjpa1\target\classes\META-INF\maven\com.sa\springbootmvcjpa1\pom.xml
D:\D drive\Spring Examples\springbootmvcjspjpa\pom.xml
D:\D drive\Spring Examples\springbootmvcjspjpa_2\pom.xml
D:\D drive\Spring Examples\SpringMVC_Ex\springapp\pom.xml
D:\D drive\Spring Examples\SpringMVC_Ex\springapp\target\m2e-wtp\web-resources\META-INF\maven\com.sa\springapp\pom.xml
D:\D drive\Spring Examples\SpringMVC_Ex\springapp1\pom.xml
D:\D drive\Spring Examples\SpringMVC_Ex\springapp1\target\m2e-wtp\web-resources\META-INF\maven\com.sa\springapp1\pom.xml
D:\D drive\Spring Examples\SpringMVC_Ex\springapp2\pom.xml
D:\D drive\Spring Examples\SpringMVC_Ex\springapp2\target\m2e-wtp\web-resources\META-INF\maven\com.sa\springapp2\pom.xml
D:\D drive\Spring Examples\SpringMVC_Ex\SpringMVCCRUDSimple\pom.xml
D:\D drive\Spring Examples\SpringMVC_Ex\SpringMVCCRUDSimple\target\m2e-wtp\web-resources\META-INF\maven\com.javatpoint\SpringMVCCRUD\pom.xml
D:\D drive\Spring Examples\SpringMVC_Ex\SpringMVCCRUDSimple\target\m2e-wtp\web-resources\META-INF\maven\com.javatpoint\SpringMVCPagination\pom.xml
D:\D drive\Spring Examples\springstarter\pom.xml
D:\D drive\Spring Examples\springstarter\target\m2e-wtp\web-resources\META-INF\maven\com.sa\springstarter\pom.xml
D:\D drive\Spring Examples\Spring_Security_Examples\springsecurity-1\pom.xml
D:\D drive\Spring Examples\Spring_Security_Examples\springsecurity-1\target\classes\META-INF\maven\com.sa\springsecurity-1\pom.xml
D:\D drive\Spring Examples\Spring_Security_Examples\springsecurity-2\pom.xml
D:\D drive\Spring Examples\Spring_Security_Examples\springsecurity-2\target\classes\META-INF\maven\com.sa\springsecurity_2\pom.xml
D:\D drive\Spring Examples\Spring_Security_Examples\springsecurity-3\pom.xml
D:\D drive\Spring Examples\Spring_Security_Examples\springsecurity-3\target\classes\META-INF\maven\com.sa\springsecurity_3\pom.xml
D:\D drive\Spring Examples\Spring_Security_Examples\springsecurity-4\pom.xml
D:\D drive\Spring Examples\Spring_Security_Examples\springsecurity-4\target\classes\META-INF\maven\com.sa\springsecurity_4\pom.xml
D:\Desktop\api_gateway\pom.xml
D:\Desktop\api_gateway\target\classes\META-INF\maven\com.sa.gd\APIGateway\pom.xml
D:\Desktop\appointment-service\pom.xml
D:\Desktop\appointment-service\target\classes\META-INF\maven\com.pratian\AppointmentService\pom.xml
D:\Desktop\appointment-service-developer\pom.xml
D:\Desktop\appointment-service-developer\target\classes\META-INF\maven\com.pratian\AppointmentService\pom.xml
D:\Desktop\CMD\appointment-service\pom.xml
D:\Desktop\CMD\appointment-service\target\classes\META-INF\maven\com.pratian\AppointmentService\pom.xml
D:\Desktop\CMD\appointment-service-developer\pom.xml
D:\Desktop\CMD\appointment-service-developer\target\classes\META-INF\maven\com.pratian\AppointmentService\pom.xml
D:\Desktop\CMD\CMD B4\appointment-service-developer\pom.xml
D:\Desktop\CMD\CMD B4\appointment-service-developer\target\classes\META-INF\maven\com.pratian\AppointmentService\pom.xml
D:\Desktop\CMD\CMD B4\patient-service-developer\pom.xml
D:\Desktop\CMD\CMD B4\patient-service-developer\target\classes\META-INF\maven\com.pratian\PatientService\pom.xml
D:\Desktop\CMD\CMD Zensar\appointment-service\bin\pom.xml
D:\Desktop\CMD\CMD Zensar\appointment-service\pom.xml
D:\Desktop\CMD\CMD Zensar\appointment-service\target\classes\META-INF\maven\com.example\AppointmentService\pom.xml
D:\Desktop\CMD\CMD Zensar\patient-service\pom.xml
D:\Desktop\CMD\CMD Zensar\patient-service\src\target\classes\META-INF\maven\com.pratian\PatientService\pom.xml
D:\Desktop\CMD\CMD Zensar\patient-service\target\classes\META-INF\maven\com.pratian\PatientService\pom.xml
D:\Desktop\CMD\patient-service\pom.xml
D:\Desktop\CMD\patient-service-developer\pom.xml
D:\Desktop\CMD\patient-service-developer\target\classes\META-INF\maven\com.pratian\PatientService\pom.xml
D:\Desktop\CMD\rabbitmqspringapp\consumer-service\pom.xml
D:\Desktop\CMD\rabbitmqspringapp\pom.xml
D:\Desktop\CMD\rabbitmqspringapp\producer-service\pom.xml
D:\Desktop\CMD\settings\pom.xml
D:\Desktop\CMD\sfg-blog-posts\api-gateway-pattern\apigateway-service\pom.xml
D:\Desktop\CMD\sfg-blog-posts\api-gateway-pattern\message-service\pom.xml
D:\Desktop\CMD\sfg-blog-posts\api-gateway-pattern\pom.xml
D:\Desktop\CMD\sfg-blog-posts\argumentcaptors\pom.xml
D:\Desktop\CMD\sfg-blog-posts\autowiringdemo\pom.xml
D:\Desktop\CMD\sfg-blog-posts\basicauthentication\pom.xml
D:\Desktop\CMD\sfg-blog-posts\bean-definition-inheritance\pom.xml
D:\Desktop\CMD\sfg-blog-posts\cachevict\pom.xml
D:\Desktop\CMD\sfg-blog-posts\custom-queries-with-spring-data-jpa\pom.xml
D:\Desktop\CMD\sfg-blog-posts\di-best-practices\pom.xml
D:\Desktop\CMD\sfg-blog-posts\docker-layer-svc1\pom.xml
D:\Desktop\CMD\sfg-blog-posts\docker-layer-svc2\pom.xml
D:\Desktop\CMD\sfg-blog-posts\error-handling-in-spring\pom.xml
D:\Desktop\CMD\sfg-blog-posts\example-post\pom.xml
D:\Desktop\CMD\sfg-blog-posts\external-configuration\pom.xml
D:\Desktop\CMD\sfg-blog-posts\fabric8-docker-maven\pom.xml
D:\Desktop\CMD\sfg-blog-posts\hikaricp-springboot2-mysql\pom.xml
D:\Desktop\CMD\sfg-blog-posts\java-bean-validation\pom.xml
D:\Desktop\CMD\sfg-blog-posts\java-list-operations\pom.xml
D:\Desktop\CMD\sfg-blog-posts\jdbc-template\pom.xml
D:\Desktop\CMD\sfg-blog-posts\maplombok\pom.xml
D:\Desktop\CMD\sfg-blog-posts\multimodule-spring-boot-project\module-1\pom.xml
D:\Desktop\CMD\sfg-blog-posts\multimodule-spring-boot-project\module-2\pom.xml
D:\Desktop\CMD\sfg-blog-posts\multimodule-spring-boot-project\pom.xml
D:\Desktop\CMD\sfg-blog-posts\multiple-data-sources\pom.xml
D:\Desktop\CMD\sfg-blog-posts\one-to-many-association\pom.xml
D:\Desktop\CMD\sfg-blog-posts\one-to-one-association\pom.xml
D:\Desktop\CMD\sfg-blog-posts\parameterizedqueries\pom.xml
D:\Desktop\CMD\sfg-blog-posts\pom.xml
D:\Desktop\CMD\sfg-blog-posts\publish-docker-image-to-docker-hub\pom.xml
D:\Desktop\CMD\sfg-blog-posts\rabbitmqspringapp\consumer-service\pom.xml
D:\Desktop\CMD\sfg-blog-posts\rabbitmqspringapp\pom.xml
D:\Desktop\CMD\sfg-blog-posts\rabbitmqspringapp\producer-service\pom.xml
D:\Desktop\CMD\sfg-blog-posts\request-body-demo\pom.xml
D:\Desktop\CMD\sfg-blog-posts\resourceloaderdemo\pom.xml
D:\Desktop\CMD\sfg-blog-posts\restserviceforproduct\pom.xml
D:\Desktop\CMD\sfg-blog-posts\resttemplate\pom.xml
D:\Desktop\CMD\sfg-blog-posts\spring-actuator-demo\pom.xml
D:\Desktop\CMD\sfg-blog-posts\spring-bean-scopes\pom.xml
D:\Desktop\CMD\sfg-blog-posts\spring-boot-docker\pom.xml
D:\Desktop\CMD\sfg-blog-posts\spring-boot-docker-compose\pom.xml
D:\Desktop\CMD\sfg-blog-posts\spring-boot-docker-compose\user-service\pom.xml
D:\Desktop\CMD\sfg-blog-posts\spring-boot-ehcache\pom.xml
D:\Desktop\CMD\sfg-blog-posts\spring-boot-pagination\pom.xml
D:\Desktop\CMD\sfg-blog-posts\spring-core-concepts\pom.xml
D:\Desktop\CMD\sfg-blog-posts\spring-factory-method\pom.xml
D:\Desktop\CMD\sfg-blog-posts\spring-profiles\pom.xml
D:\Desktop\CMD\sfg-blog-posts\spring-requestbody-annotation\pom.xml
D:\Desktop\CMD\sfg-blog-posts\spring-rest-docs\pom.xml
D:\Desktop\CMD\sfg-blog-posts\spring-retry\pom.xml
D:\Desktop\CMD\sfg-blog-posts\spring-state-machine\pom.xml
D:\Desktop\CMD\sfg-blog-posts\springawareinterfaces\pom.xml
D:\Desktop\CMD\sfg-blog-posts\springbeanlifecycle\pom.xml
D:\Desktop\CMD\sfg-blog-posts\springboot-graphql-app\pom.xml
D:\Desktop\CMD\sfg-blog-posts\springboot-internationalization\pom.xml
D:\Desktop\CMD\sfg-blog-posts\springboot-lombok-part1\pom.xml
D:\Desktop\CMD\sfg-blog-posts\springboot-lombok-part2\pom.xml
D:\Desktop\CMD\sfg-blog-posts\springdependencyinjection\pom.xml
D:\Desktop\CMD\sfg-blog-posts\stored-procedure-call\pom.xml
D:\Desktop\CMD\sfg-blog-posts\stored-procedure-with-spring-boot\pom.xml
D:\Desktop\CMD\sfg-blog-posts\testingspringbootrestfulservice\pom.xml
D:\Desktop\eatick_jersey-Rayhan_Gafoor\pom.xml
D:\Desktop\eatick_jersey-Rayhan_Gafoor\target\m2e-wtp\web-resources\META-INF\maven\org.pratian\eatick\pom.xml
D:\Desktop\Eattick 2\pom.xml
D:\Desktop\Eattick 2\target\m2e-wtp\web-resources\META-INF\maven\com.pratian\Eattick\pom.xml
D:\Desktop\final-project-execution\pom.xml
D:\Desktop\final-project-execution\target\classes\META-INF\maven\com.ros.inventory\InventoryService\pom.xml
D:\Desktop\HR dev\ROS_HR-SERVICE\HRService\bin\pom.xml
D:\Desktop\HR dev\ROS_HR-SERVICE\HRService\pom.xml
D:\Desktop\HR dev\ROS_HR-SERVICE\HRService\target\classes\META-INF\maven\com.ros.hr\HRServiceTest\pom.xml
D:\Desktop\InventoryService\pom.xml
D:\Desktop\InventoryService\target\classes\META-INF\maven\com.ros.inventory\InventoryService\pom.xml
D:\Desktop\java-spring-security-example-master\pom.xml
D:\Desktop\java-spring-security-example-master\target\classes\META-INF\maven\io.example\java-spring-security-example\pom.xml
D:\Desktop\jersey\pom.xml
D:\Desktop\jersey\target\m2e-wtp\web-resources\META-INF\maven\com.pratian\Eattick\pom.xml
D:\Desktop\Jersey assessment\jersey-assessment-Ashraf_Kutub\pom.xml
D:\Desktop\Jersey assessment\jersey-assessment-Ashraf_Kutub\target\m2e-wtp\web-resources\META-INF\maven\com.pratian\TicketControllerSystem\pom.xml
D:\Desktop\Jersey assessment\jersey-assessment-Ashraf_Kutub\TicketControllerSystem\pom.xml
D:\Desktop\Jersey assessment\jersey-assessment-Ashraf_Kutub\TicketControllerSystem\target\m2e-wtp\web-resources\META-INF\maven\com.pratian\TicketControllerSystem\pom.xml
D:\Desktop\Jersey assessment\jersey-assessment-Dhruvkumar_Khatri\pom.xml
D:\Desktop\Jersey assessment\jersey-assessment-Dhruvkumar_Khatri\target\m2e-wtp\web-resources\META-INF\maven\com.pratian\TicketControllerSystem\pom.xml
D:\Desktop\Jersey assessment\jersey-assessment-Dhruvkumar_Khatri\TicketControllerSystem\pom.xml
D:\Desktop\Jersey assessment\jersey-assessment-Dhruvkumar_Khatri\TicketControllerSystem\target\m2e-wtp\web-resources\META-INF\maven\com.pratian\TicketControllerSystem\pom.xml
D:\Desktop\Jersey assessment\jersey-assessment-Dinesh_Kumar\pom.xml
D:\Desktop\Jersey assessment\jersey-assessment-Dinesh_Kumar\target\m2e-wtp\web-resources\META-INF\maven\com.pratian\Eattick\pom.xml
D:\Desktop\Jersey assessment\jersey-assessment-Dinesh_Kumar\target\m2e-wtp\web-resources\META-INF\maven\com.pratian\TicketControllerSystem\pom.xml
D:\Desktop\Jersey assessment\jersey-assessment-Manoj_Mohanta\pom.xml
D:\Desktop\Jersey assessment\jersey-assessment-Manoj_Mohanta\target\m2e-wtp\web-resources\META-INF\maven\com.pratian\TicketControllerSystem\pom.xml
D:\Desktop\Jersey assessment\jersey-assessment-Md_Afzal\pom.xml
D:\Desktop\Jersey assessment\jersey-assessment-Md_Afzal\target\m2e-wtp\web-resources\META-INF\maven\com.pratian\TicketControllerSystem\pom.xml
D:\Desktop\Jersey assessment\jersey-assessment-Mohammad_Yaqub\pom.xml
D:\Desktop\Jersey assessment\jersey-assessment-Mohammad_Yaqub\target\classes\META-INF\maven\com.pratian\TicketControllerSystem\pom.xml
D:\Desktop\Jersey assessment\jersey-assessment-Pranshu_Sharma\pom.xml
D:\Desktop\Jersey assessment\jersey-assessment-Pranshu_Sharma\target\classes\META-INF\maven\com.example\jersey-assessment\pom.xml
D:\Desktop\Jersey assessment\jersey-assessment-Rayhan_Gafoor\pom.xml
D:\Desktop\Jersey assessment\jersey-assessment-Rayhan_Gafoor\target\m2e-wtp\web-resources\META-INF\maven\com.pratian\TicketControllerSystem\pom.xml
D:\Desktop\Jersey assessment\jersey-assessment-Rayhan_Gafoor\TicketControllerSystem\pom.xml
D:\Desktop\Jersey assessment\jersey-assessment-Rayhan_Gafoor\TicketControllerSystem\target\m2e-wtp\web-resources\META-INF\maven\com.pratian\TicketControllerSystem\pom.xml
D:\Desktop\Jersey assessment\jersey-assessment-Sangita_Khandual\pom.xml
D:\Desktop\Jersey assessment\jersey-assessment-Sangita_Khandual\target\m2e-wtp\web-resources\META-INF\maven\com.pratian\TicketControllerSystem\pom.xml
D:\Desktop\Jersey assessment\jersey-assessment-Shubakanta_Mohanty\pom.xml
D:\Desktop\Jersey assessment\jersey-assessment-Shubakanta_Mohanty\target\m2e-wtp\web-resources\META-INF\maven\com.pratian\TicketControllerSystem\pom.xml
D:\Desktop\Jersey assessment\jersey-assessment-Sonali_Palo\pom.xml
D:\Desktop\Jersey assessment\jersey-assessment-Sonali_Palo\target\m2e-wtp\web-resources\META-INF\maven\com.pratian\TicketControllerSystem\pom.xml
D:\Desktop\Jersey assessment\jersey-assessment-Vinay_Kumar\pom.xml
D:\Desktop\Jersey assessment\jersey-assessment-Vinay_Kumar\target\m2e-wtp\web-resources\META-INF\maven\com.pratian\TicketControllerSystem\pom.xml
D:\Desktop\Jersey assessment\jersey-assessment-Yogesh_Sarode\pom.xml
D:\Desktop\Jersey assessment\jersey-assessment-Yogesh_Sarode\target\m2e-wtp\web-resources\META-INF\maven\com.pratian\TicketControllerSystem\pom.xml
D:\Desktop\Labs\final-project-execution\pom.xml
D:\Desktop\Labs\final-project-execution\target\classes\META-INF\maven\com.ros.inventory\InventoryService\pom.xml
D:\Desktop\Labs\hands-on_labs-and-case-studies\Hibernate\HeartihealthLab\pom.xml
D:\Desktop\Labs\hands-on_labs-and-case-studies\Hibernate\HeartihealthLab\target\classes\META-INF\maven\com.sa.heartihealth\HeartihealthLab\pom.xml
D:\Desktop\Labs\hands-on_labs-and-case-studies\ORM\ORMLab2\pom.xml
D:\Desktop\Labs\hands-on_labs-and-case-studies\ORM\ORMLab2\target\classes\META-INF\maven\com.orm.lab2\ORMLab2\pom.xml
D:\Desktop\Labs\hands-on_labs-and-case-studies\ORM\ORMLab3\pom.xml
D:\Desktop\Labs\hands-on_labs-and-case-studies\ORM\ORMLab3\target\classes\META-INF\maven\com.orm.lab3\ORMLab3\pom.xml
D:\Desktop\Labs\hands-on_labs-and-case-studies\Spring\mobileStoreProject\pom.xml
D:\Desktop\Labs\hands-on_labs-and-case-studies\Spring\mobileStoreProject\target\classes\META-INF\maven\com.example\mobileStoreProject\pom.xml
D:\Desktop\maven project\project\maven_tomcat\pom.xml
D:\Desktop\maven_tomcat-master\maven_tomcat\pom.xml
D:\Desktop\Microservice\MenuService\pom.xml
D:\Desktop\Microservice\MenuService\target\classes\META-INF\maven\com.example\MenuService\pom.xml
D:\Desktop\Microservice\MenuService1\pom.xml
D:\Desktop\Microservice\MenuService1\target\classes\META-INF\maven\com.pratian\MenuService\pom.xml
D:\Desktop\Microservice\ServiceRegistry\pom.xml
D:\Desktop\Microservice\ServiceRegistry\target\classes\META-INF\maven\com.pratian\ServiceRegistry\pom.xml
D:\Desktop\Microservices\AccountingService\pom.xml
D:\Desktop\Microservices\AccountingService\target\classes\META-INF\maven\com.ros.accounting\AccountingService\pom.xml
D:\Desktop\Microservices\api-gateway\pom.xml
D:\Desktop\Microservices\api-gateway\target\classes\META-INF\maven\com.sa.gd\APIGateway\pom.xml
D:\Desktop\Microservices\APIGateway\pom.xml
D:\Desktop\Microservices\APIGateway\target\classes\META-INF\maven\com.pratian\APIGateway\pom.xml
D:\Desktop\Microservices\MenuService\pom.xml
D:\Desktop\Microservices\MenuService\target\classes\META-INF\maven\com.pratian\MenuService\pom.xml
D:\Desktop\Microservices\service-registry\pom.xml
D:\Desktop\Microservices\service-registry\target\classes\META-INF\maven\com.pratian\ServiceRegistry\pom.xml
D:\Desktop\Microservices\ServiceRegistry\pom.xml
D:\Desktop\Microservices\ServiceRegistry\target\classes\META-INF\maven\com.pratian\ServiceRegistry\pom.xml
D:\Desktop\Microservices\UserService\pom.xml
D:\Desktop\Microservices\UserService\target\classes\META-INF\maven\com.pratian\UserService\pom.xml
D:\Desktop\patient-service\pom.xml
D:\Desktop\patient-service\target\classes\META-INF\maven\com.pratian\PatientService\pom.xml
D:\Desktop\patient-service(zipped)\pom.xml
D:\Desktop\patient-service(zipped)\target\classes\META-INF\maven\com.pratian\PatientService\pom.xml
D:\Desktop\ROS\Accounting dev\ROS_ACCOUNTING-SERVICE\Accounting-Service\pom.xml
D:\Desktop\ROS\Accounting dev\ROS_ACCOUNTING-SERVICE\Accounting-Service\target\classes\META-INF\maven\com.ros.accounting\AccountingService\pom.xml
D:\Desktop\ROS\admin poc feature\ROS_ADMINISTRATION-SERVICE\AdministrationService\bin\pom.xml
D:\Desktop\ROS\admin poc feature\ROS_ADMINISTRATION-SERVICE\AdministrationService\pom.xml
D:\Desktop\ROS\admin poc feature\ROS_ADMINISTRATION-SERVICE\AdministrationService\target\classes\META-INF\maven\com.ros.administration\AdministrationService\pom.xml
D:\Desktop\ROS\ATMECS\HRService\bin\pom.xml
D:\Desktop\ROS\ATMECS\HRService\pom.xml
D:\Desktop\ROS\ATMECS\HRService\target\classes\META-INF\maven\com.ros.hr\HRService\pom.xml
D:\Desktop\ROS\feature-inventory-BE\ROS_INVENTORY-SERVICE\Inventory-Service\pom.xml
D:\Desktop\ROS\feature-inventory-BE\ROS_INVENTORY-SERVICE\Inventory-Service\target\classes\META-INF\maven\com.ros.inventory\InventoryService\pom.xml
D:\Desktop\ROS\HR dev\ROS_HR-SERVICE\HRService\bin\pom.xml
D:\Desktop\ROS\HR dev\ROS_HR-SERVICE\HRService\pom.xml
D:\Desktop\ROS\HR dev\ROS_HR-SERVICE\HRService\target\classes\META-INF\maven\com.ros.hr\HRServiceTest\pom.xml
D:\Desktop\ROS\latest\Inventory-Service_old\pom.xml
D:\Desktop\ROS\latest\Inventory-Service_old\target\classes\META-INF\maven\com.ros.inventory\InventoryService\pom.xml
D:\Desktop\ROS\latest\ROS_INVENTORY-SERVICE\Inventory-Service\pom.xml
D:\Desktop\ROS\latest\ROS_INVENTORY-SERVICE\Inventory-Service\target\classes\META-INF\maven\com.ros.inventory\InventoryService\pom.xml
D:\Desktop\ROS\ROS_ACCOUNTING-SERVICE\Accounting-Service\pom.xml
D:\Desktop\ROS\ROS_ADMINISTRATION-SERVICE\AdministrationService\bin\pom.xml
D:\Desktop\ROS\ROS_ADMINISTRATION-SERVICE\AdministrationService\pom.xml
D:\Desktop\ROS\ROS_ADMINISTRATION-SERVICE\AdministrationService\target\classes\META-INF\maven\com.ros.administration\AdministrationService\pom.xml
D:\Desktop\ROS\ROS_HR-SERVICE\HRService\bin\pom.xml
D:\Desktop\ROS\ROS_HR-SERVICE\HRService\pom.xml
D:\Desktop\ROS\ROS_HR-SERVICE\HRService\target\classes\META-INF\maven\com.ros.hr\HRServiceTest\pom.xml
D:\Desktop\ROS\ROS_INVENTORY-SERVICE\Inventory-Service\pom.xml
D:\Desktop\ROS\ROS_INVENTORY-SERVICE\Inventory-Service\target\classes\META-INF\maven\com.ros.inventory\InventoryService\pom.xml
D:\Desktop\spring-boot-jwt-JPA\pom.xml
D:\Desktop\spring-boot-jwt-JPA\target\classes\META-INF\maven\com.javainuse\spring-boot-jwt\pom.xml
D:\Desktop\spring-boot-jwt-without-JPA\spring-boot-jwt\pom.xml
D:\Desktop\spring-boot-jwt-without-JPA\spring-boot-jwt\target\classes\META-INF\maven\com.javainuse\spring-boot-jwt\pom.xml
D:\Desktop\spring-boot-security-oauth2-master\pom.xml
D:\Desktop\spring-boot-security-oauth2-master\target\classes\META-INF\maven\com.devglan\spring-boot-security-oauth2-example\pom.xml
D:\Downloads\AccountingTest\AccountingService\pom.xml
D:\Downloads\AccountingTest\AccountingService\target\classes\META-INF\maven\com.ros.accounting\AccountingService\pom.xml
D:\Downloads\api-gateway-developer\api-gateway\pom.xml
D:\Downloads\api-gateway-developer\api-gateway\target\classes\META-INF\maven\com.sa.gd\APIGateway\pom.xml
D:\Downloads\api-gateway-developer\api-gateway-developer\pom.xml
D:\Downloads\api-gateway-developer\api-gateway-developer\target\classes\META-INF\maven\com.sa.gd\APIGateway\pom.xml
D:\Downloads\appointment-service with image\appointment-service\pom.xml
D:\Downloads\appointment-service with image\appointment-service\target\classes\META-INF\maven\com.pratian\AppointmentService\pom.xml
D:\Downloads\appointment-service(Merged)\appointment-service\pom.xml
D:\Downloads\appointment-service(Merged)\appointment-service\target\classes\META-INF\maven\com.example\AppointmentService\pom.xml
D:\Downloads\appointment-service-developer (2)\appointment-service-developer\pom.xml
D:\Downloads\appointment-service-developer (2)\appointment-service-developer\target\classes\META-INF\maven\com.pratian\AppointmentService\pom.xml
D:\Downloads\appointment-service1\appointment-service\pom.xml
D:\Downloads\appointment-service1\appointment-service\target\classes\META-INF\maven\com.pratian\AppointmentService\pom.xml
D:\Downloads\boot-jdbc\boot-jdbc\pom.xml
D:\Downloads\boot-jdbc\boot-jdbc\target\classes\META-INF\maven\com.javainuse\boot-jdbc\pom.xml
D:\Downloads\Demo\demo\pom.xml
D:\Downloads\Department-service\pom.xml
D:\Downloads\Department-service\target\classes\META-INF\maven\com.department\Department-service\pom.xml
D:\Downloads\eatick_application-Kunal_Bhardwaj\eatick appn\pom.xml
D:\Downloads\eatick_application-Kunal_Bhardwaj\eatick appn\target\m2e-wtp\web-resources\META-INF\maven\eatick\eatick\pom.xml
D:\Downloads\eatick_application-Saswat_Sahu\Eatick\pom.xml
D:\Downloads\eatick_application-Saswat_Sahu\Eatick\target\classes\META-INF\maven\com.partian\Eatick\pom.xml
D:\Downloads\Eattick 2\pom.xml
D:\Downloads\Eattick 2\target\m2e-wtp\web-resources\META-INF\maven\com.pratian\Eattick\pom.xml
D:\Downloads\fileSearch (1)\fileSearch\pom.xml
D:\Downloads\fileSearch (1)\fileSearch\target\classes\META-INF\maven\NagaVivek.Multilevel\fileSearch\pom.xml
D:\Downloads\final-project-execution (2)\final-project-execution\pom.xml
D:\Downloads\final-project-execution (2)\final-project-execution\target\classes\META-INF\maven\com.ros.inventory\InventoryService\pom.xml
D:\Downloads\hands-on_labs-and-case-studies-remya.karthakomattil\hands-on_labs-and-case-studies-remya.karthakomattil\JPA\HeartiHealth-OntoMany-Annot\pom.xml
D:\Downloads\hands-on_labs-and-case-studies-remya.karthakomattil\hands-on_labs-and-case-studies-remya.karthakomattil\Spring\RestfulWebservices\MobileStoreRestfulWebService\pom.xml
D:\Downloads\hands-on_labs-and-case-studies-remya.karthakomattil\hands-on_labs-and-case-studies-remya.karthakomattil\Spring\RestfulWebservices\Spring1\pom.xml
D:\Downloads\hands-on_labs-and-case-studies-remya.karthakomattil\hands-on_labs-and-case-studies-remya.karthakomattil\SpringBoot\RestfulWebservices\MobileStoreRestfulWebService\MobileStoreRestfulWebService\pom.xml
D:\Downloads\hands-on_labs-and-case-studies-remya.karthakomattil\hands-on_labs-and-case-studies-remya.karthakomattil\SpringBoot\RestfulWebservices\MobileStoreRestfulWebService\pom.xml
D:\Downloads\hands-on_labs-and-case-studies-remya.karthakomattil\hands-on_labs-and-case-studies-remya.karthakomattil\SpringBoot\RestfulWebservices\MobileStoreRestfulWebService1\MobileStoreRestfulWebService\pom.xml
D:\Downloads\hands-on_labs-and-case-studies-remya.karthakomattil\hands-on_labs-and-case-studies-remya.karthakomattil\SpringBoot\RestfulWebservices\Spring1\pom.xml
D:\Downloads\HrService7\HRService1\bin\pom.xml
D:\Downloads\HrService7\HRService1\pom.xml
D:\Downloads\HrService7\HRService1\target\classes\META-INF\maven\com.ros.accounting\HRService\pom.xml
D:\Downloads\HrService8\HRService\bin\pom.xml
D:\Downloads\HrService8\HRService\pom.xml
D:\Downloads\HrService8\HRService\target\classes\META-INF\maven\com.ros.accounting\HRService\pom.xml
D:\Downloads\Inventory Final\Inventory Final\ROS_INVENTORY-SERVICE\Inventory-Service\pom.xml
D:\Downloads\Inventory Final\Inventory Final\ROS_INVENTORY-SERVICE\Inventory-Service\target\classes\META-INF\maven\com.ros.inventory\InventoryService\pom.xml
D:\Downloads\Inventory Final\ROS_INVENTORY-SERVICE\Inventory-Service\pom.xml
D:\Downloads\Inventory Final\ROS_INVENTORY-SERVICE\Inventory-Service\target\classes\META-INF\maven\com.ros.inventory\InventoryService\pom.xml
D:\Downloads\inventory-service\inventory-service\pom.xml
D:\Downloads\inventory-service\inventory-service\target\classes\META-INF\maven\com.ros.inventory\InventoryService\pom.xml
D:\Downloads\inventory-service-developer TeamA\inventory-service-developer\bin\pom.xml
D:\Downloads\inventory-service-developer TeamA\inventory-service-developer\pom.xml
D:\Downloads\inventory-service-developer TeamA\inventory-service-developer\target\classes\META-INF\maven\com.ros.inventory\InventoryService\pom.xml
D:\Downloads\inventory-service-developer TeamB\inventory-service-developer\pom.xml
D:\Downloads\inventory-service-developer TeamB\inventory-service-developer\target\classes\META-INF\maven\com.ros\ROS-Inventory\pom.xml
D:\Downloads\inventory-service-Tom\inventory-service-Tom\pom.xml
D:\Downloads\inventory-service-Tom\inventory-service-Tom\target\classes\META-INF\maven\com.ros.inventory\InventoryServiceTom\pom.xml
D:\Downloads\MenuService2\pom.xml
D:\Downloads\MenuService2\target\classes\META-INF\maven\com.rayhan\MenuService2\pom.xml
D:\Downloads\Microservices\APIGateway\pom.xml
D:\Downloads\Microservices\APIGateway\target\classes\META-INF\maven\com.pratian\APIGateway\pom.xml
D:\Downloads\Microservices\MenuService\pom.xml
D:\Downloads\Microservices\MenuService\target\classes\META-INF\maven\com.pratian\MenuService\pom.xml
D:\Downloads\Microservices\ServiceRegistry\pom.xml
D:\Downloads\Microservices\ServiceRegistry\target\classes\META-INF\maven\com.pratian\ServiceRegistry\pom.xml
D:\Downloads\Microservices\UserService\pom.xml
D:\Downloads\Microservices\UserService\target\classes\META-INF\maven\com.pratian\UserService\pom.xml
D:\Downloads\MobileStore\pom.xml
D:\Downloads\patient-service\patient-service\pom.xml
D:\Downloads\patient-service\patient-service\target\classes\META-INF\maven\com.pratian\PatientService\pom.xml
D:\Downloads\patient-service-(swagger)\patient-service\pom.xml
D:\Downloads\patient-service-developer (1)\patient-service-developer\pom.xml
D:\Downloads\patient-service-developer (1)\patient-service-developer\target\classes\META-INF\maven\com.pratian\PatientService\pom.xml
D:\Downloads\ProductSubscriptionLab\ProductSubscriptionLab\bin\pom.xml
D:\Downloads\ProductSubscriptionLab\ProductSubscriptionLab\pom.xml
D:\Downloads\ProductSubscriptionLab\ProductSubscriptionLab\target\classes\META-INF\maven\com.ros.administration\AdministrationService\pom.xml
D:\Downloads\ros-administration-service-dev\ros-administration-service-dev\bin\pom.xml
D:\Downloads\ros-administration-service-dev\ros-administration-service-dev\pom.xml
D:\Downloads\ros-administration-service-dev\ros-administration-service-dev\target\classes\META-INF\maven\com.ros.administration\AdministrationService\pom.xml
D:\Downloads\ros_hr-service-dev\ros_hr-service-dev\HRService\bin\pom.xml
D:\Downloads\ros_hr-service-dev\ros_hr-service-dev\HRService\pom.xml
D:\Downloads\ros_hr-service-dev\ros_hr-service-dev\HRService\target\classes\META-INF\maven\com.ros.hr\HRServiceTest\pom.xml
D:\Downloads\service-registry-developer (1)\service-registry\pom.xml
D:\Downloads\service-registry-developer (1)\service-registry\target\classes\META-INF\maven\com.pratian\ServiceRegistry\pom.xml
D:\Downloads\spring-jersey-swagger-example-master\spring-jersey-swagger-example-master\pom.xml
D:\Downloads\spring-jersey-swagger-example-master\spring-jersey-swagger-example-master\target\classes\META-INF\maven\com.basaki\spring-jersey-swagger-example\pom.xml
D:\Downloads\SpringBatchExample\SpringBatchExample\pom.xml
D:\Downloads\SpringBatchExample\SpringBatchExample\target\classes\META-INF\maven\com.journaldev.spring\SpringBatchExample\pom.xml
D:\Downloads\springboot-batch\springboot-batch\springboot-batch\pom.xml
D:\Downloads\springboot-batch\springboot-batch\springboot-batch\target\classes\META-INF\maven\com.javainuse\springboot-batch\pom.xml
D:\Downloads\Springbootdemo\Springbootdemo\pom.xml
D:\Downloads\SpringJDBCTemplateExample\SpringJDBCTemplateExample\pom.xml
D:\Downloads\SpringJDBCTemplateExample\SpringJDBCTemplateExample\target\classes\META-INF\maven\com.journaldev.spring\JdbcTemplate\pom.xml
D:\Downloads\spring_mvc_demo\spring_mvc_demo\pom.xml
D:\Downloads\spring_mvc_demo\spring_mvc_demo\target\m2e-wtp\web-resources\META-INF\maven\com.pratian\spring_mvc_demo\pom.xml
D:\Downloads\team-b\team-b\pom.xml
D:\Downloads\team-b\team-b\target\classes\META-INF\maven\com.pratian\SettingsService\pom.xml
D:\Downloads\TicketControllerSystem\pom.xml
D:\Downloads\tpcannotation\tpcannotation\pom.xml
D:\Downloads\tpcannotation\tpcannotation\target\classes\META-INF\maven\com.javatpoint\tpcannotation\pom.xml
D:\Downloads\User-service\pom.xml
D:\Downloads\User-service\target\classes\META-INF\maven\com.user\User-service\pom.xml
D:\Downloads\user-service-master\settings-service-master\pom.xml
D:\Downloads\UserManagement\pom.xml
D:\Downloads\UserManagement\target\classes\META-INF\maven\com.user\userManagement\pom.xml
D:\Downloads\UserManagement\UserManagement\pom.xml
D:\Downloads\UserManagement\UserManagement\target\classes\META-INF\maven\com.user\userManagement\pom.xml
D:\Downloads_old\Accounting-Service\pom.xml
D:\Downloads_old\jersey_assessment\pom.xml
D:\Downloads_old\jersey_assessment\target\m2e-wtp\web-resources\META-INF\maven\com.pratian\Eattick\pom.xml
D:\Downloads_old\jersey_EmployeeRport\pom.xml
D:\Downloads_old\jersey_EmployeeRport\target\m2e-wtp\web-resources\META-INF\maven\com.pratian\Eattick\pom.xml
D:\Downloads_old\Microservices\APIGateway\pom.xml
D:\Downloads_old\Microservices\APIGateway\target\classes\META-INF\maven\com.pratian\APIGateway\pom.xml
D:\Downloads_old\Microservices\MenuService\pom.xml
D:\Downloads_old\Microservices\MenuService\target\classes\META-INF\maven\com.pratian\MenuService\pom.xml
D:\Downloads_old\Microservices\ServiceRegistry\pom.xml
D:\Downloads_old\Microservices\ServiceRegistry\target\classes\META-INF\maven\com.pratian\ServiceRegistry\pom.xml
D:\Downloads_old\Microservices\UserService\pom.xml
D:\Downloads_old\Microservices\UserService\target\classes\META-INF\maven\com.pratian\UserService\pom.xml
D:\eatick_jersey-Rayhan_Gafoor\pom.xml
D:\eatick_jersey-Rayhan_Gafoor\target\m2e-wtp\web-resources\META-INF\maven\org.pratian\eatick\pom.xml
D:\hands_on1\Instructor Led Training\BankOfSuccess\pom.xml
D:\hands_on1\Instructor Led Training\BankOfSuccess\target\classes\META-INF\maven\com.bankofsuccess\bankosuccess\pom.xml
D:\hands_on1\Instructor Led Training\HeartiHealth Hibernate\pom.xml
D:\hands_on1\Instructor Led Training\HeartiHealth Hibernate\target\classes\META-INF\maven\com.heartihealth\heartihealth-hibernate\pom.xml
D:\hands_on1\Instructor Led Training\HeartiHealth JPA\pom.xml
D:\hands_on1\Instructor Led Training\Hibernate JPA Accounts\pom.xml
D:\hands_on1\Instructor Led Training\JDBC Accounts\pom.xml
D:\hands_on1\Instructor Led Training\SearchEngine\LEVEL 1\pom.xml
D:\hands_on1\Instructor Led Training\SearchEngine\LEVEL 2\pom.xml
D:\hands_on1\Instructor Led Training\SearchEngine\LEVEL 3\pom.xml
D:\hands_on1\Instructor Led Training\SearchEngine\LEVEL 4\pom.xml
D:\hands_on1\Instructor Led Training\SearchEngine\LEVEL 5\pom.xml
D:\hands_on1\Instructor Led Training\SearchEngine\LEVEL 6\pom.xml
D:\hands_on1\Instructor Led Training\SpringBoot-JPA\pom.xml
D:\hands_on1\Instructor Led Training\SpringMVCLab1\pom.xml
D:\hands_on1-Rakshit_CS\BOS\BOS Case Study maven\BL\pom.xml
D:\hands_on1-Rakshit_CS\BOS\BOS Case Study maven\Exceptions\pom.xml
D:\hands_on1-Rakshit_CS\BOS\BOS Case Study maven\pom.xml
D:\hands_on1-Rakshit_CS\BOS\BOS Case Study maven\Service\pom.xml
D:\hands_on1-Rakshit_CS\BOS\BOS Case Study maven\UI\pom.xml
D:\hands_on1-Rakshit_CS\Happy-trip\pom.xml
D:\hands_on1-Rakshit_CS\HappyTripSpring\pom.xml
D:\hands_on1-Rakshit_CS\hibernate-labs\Hearti-Health-App\pom.xml
D:\hands_on1-Rakshit_CS\hibernate-labs\lab1_accounts\pom.xml
D:\hands_on1-Rakshit_CS\User Authentication\pom.xml
D:\hands_on2\Instructor Led Training (ILT)\03_Sept_2021\springmvc1\pom.xml
D:\hands_on2\Instructor Led Training (ILT)\03_Sept_2021\springmvc1\target\m2e-wtp\web-resources\META-INF\maven\com.gd\springmvc1\pom.xml
D:\hands_on2\Instructor Led Training (ILT)\04_Sept_2021\springboojpa\pom.xml
D:\hands_on2\Instructor Led Training (ILT)\04_Sept_2021\springbootjpa\pom.xml
D:\hands_on2\Instructor Led Training (ILT)\06_Sept_2021\EmployeeServiceDemo\EmployeeServiceDemo\pom.xml
D:\hands_on2\Instructor Led Training (ILT)\06_Sept_2021\ProductServiceDemo\ProductServiceDemo\pom.xml
D:\hands_on2\Instructor Led Training (ILT)\06_Sept_2021\springbootrestdemo_\pom.xml
D:\hands_on2\Instructor Led Training (ILT)\06_Sept_2021\springbootrestdemo_update\pom.xml
D:\hands_on2\Instructor Led Training (ILT)\07_Sept_2021\AccountingTest\AccountingService\pom.xml
D:\hands_on2\Instructor Led Training (ILT)\07_Sept_2021\Spring security\security-oauth2-master\pom.xml
D:\hands_on2\Instructor Led Training (ILT)\07_Sept_2021\Spring security\security-oauth2-master\target\classes\META-INF\maven\com.devglan\spring-boot-security-oauth2-example\pom.xml
D:\hands_on2\Instructor Led Training (ILT)\07_Sept_2021\Spring security\spring-boot-jwt-JPA\pom.xml
D:\hands_on2\Instructor Led Training (ILT)\07_Sept_2021\Spring security\spring-boot-jwt-JPA\target\classes\META-INF\maven\com.javainuse\spring-boot-jwt\pom.xml
D:\hands_on2\Instructor Led Training (ILT)\07_Sept_2021\Spring_Security_Examples\springsecurity-1\pom.xml
D:\hands_on2\Instructor Led Training (ILT)\07_Sept_2021\Spring_Security_Examples\springsecurity-2\pom.xml
D:\hands_on2\Instructor Led Training (ILT)\07_Sept_2021\Spring_Security_Examples\springsecurity-3\pom.xml
D:\hands_on2\Instructor Led Training (ILT)\07_Sept_2021\Spring_Security_Examples\springsecurity-4\pom.xml
D:\hands_on2\Instructor Led Training (ILT)\13_Sept_2021-Spring Assessment\Sarthak_Kulkarni-SpringAssessment\pom.xml
D:\hands_on2\Instructor Led Training (ILT)\Final Project ROS\hr-service\bin\pom.xml
D:\hands_on2\Instructor Led Training (ILT)\Final Project ROS\hr-service\pom.xml
D:\hands_on2\Instructor Led Training (ILT)\Final Project ROS\hr-service\target\classes\META-INF\maven\com.ros.hr\HRServiceTest\pom.xml
D:\hrservice-feature\bin\pom.xml
D:\hrservice-feature\pom.xml
D:\hrservice-feature\target\classes\META-INF\maven\com.ros.accounting\HRService\pom.xml
D:\HRService1\bin\pom.xml
D:\HRService1\pom.xml
D:\HRService1\target\classes\META-INF\maven\com.ros.accounting\HRService\pom.xml
D:\junit\CalculatorApp\pom.xml
D:\junit\CalculatorApp\target\classes\META-INF\maven\com.SkillAssure.Apps\CalculatorApp\pom.xml
D:\Microservices\APIGateway\pom.xml
D:\Microservices\APIGateway\target\classes\META-INF\maven\com.pratian\APIGateway\pom.xml
D:\Microservices\MenuService\pom.xml
D:\Microservices\MenuService\target\classes\META-INF\maven\com.pratian\MenuService\pom.xml
D:\Microservices\ServiceRegistry\pom.xml
D:\Microservices\ServiceRegistry\target\classes\META-INF\maven\com.pratian\ServiceRegistry\pom.xml
D:\Microservices\UserService\pom.xml
D:\Microservices\UserService\target\classes\META-INF\maven\com.pratian\UserService\pom.xml
D:\Mockito\mockito\pom.xml
D:\Mockito\mockito\target\classes\META-INF\maven\com.sa\mockito\pom.xml
D:\petzey\consultation-uservice\pom.xml
D:\petzey\consultation-uservice\target\classes\META-INF\maven\us.petzey.uservice\uservice-consultation\pom.xml
D:\petzey\data_indexer-uservice\pom.xml
D:\petzey\data_indexer-uservice\target\classes\META-INF\maven\us.petzey.uservice\uservice-data-indexer\pom.xml
D:\petzey\identity-uservice\pom.xml
D:\petzey\identity-uservice\target\classes\META-INF\maven\us.petzey.uservice\uservice-identity\pom.xml
D:\petzey\notification-uservice\pom.xml
D:\petzey\notification-uservice\target\classes\META-INF\maven\us.petzey.uservice\uservice-notification\pom.xml
D:\petzey\payment-uservice\pom.xml
D:\petzey\payment-uservice\target\classes\META-INF\maven\us.petzey.uservice\uservice-payment\pom.xml
D:\petzey\pet-uservice\pom.xml
D:\petzey\pet_owner-uservice\pom.xml
D:\petzey\pet_owner-uservice\target\classes\META-INF\maven\us.petzey.uservice\uservice-pet-owner\pom.xml
D:\petzey\twilio-recordings-uservice\pom.xml
D:\petzey\vet-uservice\pom.xml
D:\petzey_web_backend-master\petzey_reporting-service\bin\pom.xml
D:\petzey_web_backend-master\petzey_reporting-service\pom.xml
D:\petzey_web_backend-master\petzey_reporting-service\target\classes\META-INF\maven\us.petzey.rservice.pet\petzey_reporting-service\pom.xml
D:\ROS_CashUp_SafeSummary\pom.xml
D:\ROS_CashUp_SafeSummary\target\classes\META-INF\maven\com.ros.accounting\AccountingService\pom.xml
D:\Sowmya\Calculator App\CalculatorApp\pom.xml
D:\Sowmya\Calculator App\CalculatorApp\target\classes\META-INF\maven\com.SkillAssure.Apps\CalculatorApp\pom.xml
D:\Sowmya\CMD batch 2\apigateway\bin\pom.xml
D:\Sowmya\CMD batch 2\apigateway\pom.xml
D:\Sowmya\CMD batch 2\appointmentservice\bin\pom.xml
D:\Sowmya\CMD batch 2\appointmentservice\pom.xml
D:\Sowmya\CMD batch 2\appointmentservice\target\classes\META-INF\maven\com.sa.gd\AppointmentService\pom.xml
D:\Sowmya\CMD batch 2\patientservice\bin\pom.xml
D:\Sowmya\CMD batch 2\patientservice\pom.xml
D:\Sowmya\CMD batch 2\patientservice\target\classes\META-INF\maven\com.sa.gd\PatientService\pom.xml
D:\Sowmya\CMD batch 2\serviceregistry\pom.xml
D:\Sowmya\CMD batch 2\serviceregistry\target\classes\META-INF\maven\com.sa.gd\ServiceRegistry\pom.xml
D:\Sowmya\CMD batch 2\User\pom.xml
D:\Sowmya\CMD batch 2\User\target\classes\META-INF\maven\com.sa.gd\CMD\pom.xml
D:\Sowmya\CMD batch 2\UserService\pom.xml
D:\Sowmya\CMD batch 2\UserService\target\classes\META-INF\maven\com.sa.gd\CMD\pom.xml
D:\Sowmya\CMD batch 3\api_gateway-Developer\pom.xml
D:\Sowmya\CMD batch 3\api_gateway-Developer\target\classes\META-INF\maven\com.sa.gd\APIGateway\pom.xml
D:\Sowmya\CMD batch 3\appointment-service-Developer\pom.xml
D:\Sowmya\CMD batch 3\appointment-service-Developer\target\classes\META-INF\maven\com.pratian\AppointmentService\pom.xml
D:\Sowmya\CMD batch 3\patient-service-Developer\pom.xml
D:\Sowmya\CMD batch 3\patient-service-Developer\target\classes\META-INF\maven\com.pratian\PatientService\pom.xml
D:\Sowmya\CMD batch 3\service-registry-Developer\pom.xml
D:\Sowmya\CMD batch 3\user-service-Developer\pom.xml
D:\Sowmya\Desktop\Eattick\pom.xml
D:\Sowmya\Desktop\Eattick\target\m2e-wtp\web-resources\META-INF\maven\com.pratian\Eattick\pom.xml
D:\Sowmya\eatick-application\Eattick\pom.xml
D:\Sowmya\eatick-application\Eattick\target\m2e-wtp\web-resources\META-INF\maven\com.sa.gd\jersey.example\pom.xml
D:\Sowmya\HIBERNATE\Hibernate\HeartihealthHibLab\pom.xml
D:\Sowmya\HIBERNATE\Hibernate\HeartihealthHibLab\target\classes\META-INF\maven\com.sa\HeartihealthHibLab\pom.xml
D:\Sowmya\HIBERNATE\Hibernate\Heartihealth_HibLab1\pom.xml
D:\Sowmya\HIBERNATE\Hibernate\Heartihealth_HibLab1\target\classes\META-INF\maven\com.sa.heartihealth\Heartihealth_HibLab1\pom.xml
D:\Sowmya\HIBERNATE\Hibernate\HibernateLab1\pom.xml
D:\Sowmya\HIBERNATE\Hibernate\HibernateLab1\target\classes\META-INF\maven\com.sa.heartihealth\HibernateLab1\pom.xml
D:\Sowmya\HIBERNATE\Hibernate\SpringMVCDemo\pom.xml
D:\Sowmya\HIBERNATE\Hibernate\SpringMVCDemo\target\classes\META-INF\maven\com.sa\SpringMVCDemo\pom.xml
D:\Sowmya\HIBERNATE\Hibernate\SpringMVCDemo\target\m2e-wtp\web-resources\META-INF\maven\com.sa\SpringMVCDemo\pom.xml
D:\Sowmya\Jersey\Eattick1\pom.xml
D:\Sowmya\Jersey\Eattick1\target\m2e-wtp\web-resources\META-INF\maven\com.pratian\Eatick\pom.xml
D:\Sowmya\Jersey\MenuService\pom.xml
D:\Sowmya\Jersey\MenuService\target\classes\META-INF\maven\com.pratian\MenuService\pom.xml
D:\Sowmya\Jersey\MenuService1\pom.xml
D:\Sowmya\Jersey\MenuService1\target\classes\META-INF\maven\com.pratian\MenuService\pom.xml
D:\Sowmya\Jersey\ServiceRegistry\pom.xml
D:\Sowmya\Jersey\ServiceRegistry\target\classes\META-INF\maven\com.pratian\ServiceRegistry\pom.xml
D:\Sowmya\Jersey project\jersey-tutorial\bean-validation-webapp\pom.xml
D:\Sowmya\Jersey project\jersey-tutorial\bookmark\pom.xml
D:\Sowmya\Jersey project\jersey-tutorial\bookmark-em\pom.xml
D:\Sowmya\Jersey project\jersey-tutorial\bookstore-webapp\pom.xml
D:\Sowmya\Jersey project\jersey-tutorial\cdi-webapp\pom.xml
D:\Sowmya\Jersey project\jersey-tutorial\clipboard\pom.xml
D:\Sowmya\Jersey project\jersey-tutorial\clipboard-programmatic\pom.xml
D:\Sowmya\Jersey project\jersey-tutorial\declarative-linking\pom.xml
D:\Sowmya\Jersey project\jersey-tutorial\entity-filtering\pom.xml
D:\Sowmya\Jersey project\jersey-tutorial\entity-filtering-security\pom.xml
D:\Sowmya\Jersey project\jersey-tutorial\entity-filtering-selectable\pom.xml
D:\Sowmya\Jersey project\jersey-tutorial\exception-mapping\pom.xml
D:\Sowmya\Jersey project\jersey-tutorial\extended-wadl-webapp\pom.xml
D:\Sowmya\Jersey project\jersey-tutorial\freemarker-webapp\pom.xml
D:\Sowmya\Jersey project\jersey-tutorial\groovy\pom.xml
D:\Sowmya\Jersey project\jersey-tutorial\helloworld\pom.xml
D:\Sowmya\Jersey project\jersey-tutorial\helloworld-benchmark\pom.xml
D:\Sowmya\Jersey project\jersey-tutorial\helloworld-programmatic\pom.xml
D:\Sowmya\Jersey project\jersey-tutorial\helloworld-pure-jax-rs\pom.xml
D:\Sowmya\Jersey project\jersey-tutorial\helloworld-spring-annotations\pom.xml
D:\Sowmya\Jersey project\jersey-tutorial\helloworld-spring-webapp\pom.xml
D:\Sowmya\Jersey project\jersey-tutorial\helloworld-webapp\pom.xml
D:\Sowmya\Jersey project\jersey-tutorial\helloworld-weld\pom.xml
D:\Sowmya\Jersey project\jersey-tutorial\http-patch\pom.xml
D:\Sowmya\Jersey project\jersey-tutorial\http-trace\pom.xml
D:\Sowmya\Jersey project\jersey-tutorial\https-clientserver-grizzly\pom.xml
D:\Sowmya\Jersey project\jersey-tutorial\https-server-glassfish\pom.xml
D:\Sowmya\Jersey project\jersey-tutorial\jaxb\pom.xml
D:\Sowmya\Jersey project\jersey-tutorial\jaxrs-types-injection\pom.xml
D:\Sowmya\Jersey project\jersey-tutorial\jersey-crud-example\pom.xml
D:\Sowmya\Jersey project\jersey-tutorial\jersey-crud-example\target\m2e-wtp\web-resources\META-INF\maven\com.javadevelopersguide.jersey\jersey-crud-example\pom.xml
D:\Sowmya\Jersey project\jersey-tutorial\jersey-ejb\pom.xml
D:\Sowmya\Jersey project\jersey-tutorial\jersey-exception-mapping-example\pom.xml
D:\Sowmya\Jersey project\jersey-tutorial\jersey-helloworld-example\pom.xml
D:\Sowmya\Jersey project\jersey-tutorial\jersey-java8-example\pom.xml
D:\Sowmya\Jersey project\jersey-tutorial\jersey-jpa-bookmark-example\pom.xml
D:\Sowmya\Jersey project\jersey-tutorial\jersey-json-moxy\pom.xml
D:\Sowmya\Jersey project\jersey-tutorial\jersey-logging-server-client-example\pom.xml
D:\Sowmya\Jersey project\jersey-tutorial\json-jackson\pom.xml
D:\Sowmya\Jersey project\jersey-tutorial\json-jackson1\pom.xml
D:\Sowmya\Jersey project\jersey-tutorial\json-jettison\pom.xml
D:\Sowmya\Jersey project\jersey-tutorial\json-moxy\pom.xml
D:\Sowmya\Jersey project\jersey-tutorial\json-processing-webapp\pom.xml
D:\Sowmya\Jersey project\jersey-tutorial\json-with-padding\pom.xml
D:\Sowmya\Jersey project\jersey-tutorial\managed-beans-webapp\pom.xml
D:\Sowmya\Jersey project\jersey-tutorial\managed-client\pom.xml
D:\Sowmya\Jersey project\jersey-tutorial\managed-client-simple-webapp\pom.xml
D:\Sowmya\Jersey project\jersey-tutorial\managed-client-webapp\pom.xml
D:\Sowmya\Jersey project\jersey-tutorial\monitoring-webapp\pom.xml
D:\Sowmya\Jersey project\jersey-tutorial\multipart-webapp\pom.xml
D:\Sowmya\Jersey project\jersey-tutorial\oauth-client-twitter\pom.xml
D:\Sowmya\Jersey project\jersey-tutorial\oauth2-client-google-webapp\pom.xml
D:\Sowmya\Jersey project\jersey-tutorial\osgi-helloworld-webapp\additional-bundle\pom.xml
D:\Sowmya\Jersey project\jersey-tutorial\osgi-helloworld-webapp\alternate-version-bundle\pom.xml
D:\Sowmya\Jersey project\jersey-tutorial\osgi-helloworld-webapp\functional-test\pom.xml
D:\Sowmya\Jersey project\jersey-tutorial\osgi-helloworld-webapp\lib-bundle\pom.xml
D:\Sowmya\Jersey project\jersey-tutorial\osgi-helloworld-webapp\pom.xml
D:\Sowmya\Jersey project\jersey-tutorial\osgi-helloworld-webapp\war-bundle\pom.xml
D:\Sowmya\Jersey project\jersey-tutorial\osgi-http-service\bundle\pom.xml
D:\Sowmya\Jersey project\jersey-tutorial\osgi-http-service\functional-test\pom.xml
D:\Sowmya\Jersey project\jersey-tutorial\osgi-http-service\pom.xml
D:\Sowmya\Jersey project\jersey-tutorial\reload\pom.xml
D:\Sowmya\Jersey project\jersey-tutorial\rx-client-webapp\pom.xml
D:\Sowmya\Jersey project\jersey-tutorial\server-async\pom.xml
D:\Sowmya\Jersey project\jersey-tutorial\server-async-managed\pom.xml
D:\Sowmya\Jersey project\jersey-tutorial\server-async-standalone\client\pom.xml
D:\Sowmya\Jersey project\jersey-tutorial\server-async-standalone\pom.xml
D:\Sowmya\Jersey project\jersey-tutorial\server-async-standalone\webapp\pom.xml
D:\Sowmya\Jersey project\jersey-tutorial\server-sent-events-jaxrs\pom.xml
D:\Sowmya\Jersey project\jersey-tutorial\server-sent-events-jersey\pom.xml
D:\Sowmya\Jersey project\jersey-tutorial\servlet3-webapp\pom.xml
D:\Sowmya\Jersey project\jersey-tutorial\shortener-webapp\pom.xml
D:\Sowmya\Jersey project\jersey-tutorial\simple-console\pom.xml
D:\Sowmya\Jersey project\jersey-tutorial\sparklines\pom.xml
D:\Sowmya\Jersey project\jersey-tutorial\sse-item-store-jaxrs-webapp\pom.xml
D:\Sowmya\Jersey project\jersey-tutorial\sse-item-store-jersey-webapp\pom.xml
D:\Sowmya\Jersey project\jersey-tutorial\sse-twitter-aggregator\pom.xml
D:\Sowmya\Jersey project\jersey-tutorial\system-properties-example\pom.xml
D:\Sowmya\Jersey project\jersey-tutorial\tone-generator\pom.xml
D:\Sowmya\Jersey project\jersey-tutorial\xml-moxy\pom.xml
D:\Sowmya\Jwt-Auth\jersey-jwt-master\pom.xml
D:\Sowmya\Jwt-Auth\jersey-jwt-master\target\classes\META-INF\maven\com.sa\jersey-jwt\pom.xml
D:\Sowmya\jwt-authentication\jersey-jwt-master\pom.xml
D:\Sowmya\jwt-authentication\jwt-authentication_Vasim\jersey-jwt-master\pom.xml
D:\Sowmya\MicroservicesWithRestTemplateExample\EmployeeServiceDemo\EmployeeServiceDemo\pom.xml
D:\Sowmya\MicroservicesWithRestTemplateExample\EmployeeServiceDemo\EmployeeServiceDemo\target\classes\META-INF\maven\com.example\employee\pom.xml
D:\Sowmya\MicroservicesWithRestTemplateExample\EmployeeServiceDemo\EmployeeServiceDemo\target\classes\META-INF\maven\com.example\springboojpa\pom.xml
D:\Sowmya\MicroservicesWithRestTemplateExample\ProductServiceDemo\ProductServiceDemo\pom.xml
D:\Sowmya\MicroservicesWithRestTemplateExample\ProductServiceDemo\ProductServiceDemo\target\classes\META-INF\maven\com.example\product\pom.xml
D:\Sowmya\MicroservicesWithRestTemplateExample\ProductServiceDemo\ProductServiceDemo\target\classes\META-INF\maven\com.example\springbootrestdemo\pom.xml
D:\Sowmya\project\jersey_assesement_01-Kunal_Bhardwaj\pom.xml
D:\Sowmya\project\jersey_assesement_01-Kunal_Bhardwaj\target\m2e-wtp\web-resources\META-INF\maven\com.pratian\jerseyassesment\pom.xml
D:\Sowmya\project\pom.xml
D:\Sowmya\project\target\m2e-wtp\web-resources\META-INF\maven\com.javadevelopersguide.jersey\project\pom.xml
D:\Sowmya\project\TicketTrackingSystem\pom.xml
D:\Sowmya\project\TicketTrackingSystem\target\m2e-wtp\web-resources\META-INF\maven\com.sa\TicketTrackingSystem\pom.xml
D:\Sowmya\projects\appointment-service-developer\appointment-service-developer\pom.xml
D:\Sowmya\projects\appointment-service-developer\appointment-service-developer\target\classes\META-INF\maven\com.pratian\AppointmentService\pom.xml
D:\Sowmya\shop\shop\pom.xml
D:\Sowmya\shop\shop\target\classes\META-INF\maven\com.spring\shop\pom.xml
D:\Sowmya\Shopon codebase\shopon\pom.xml
D:\Sowmya\Shopon codebase\shopon\sm-core\pom.xml
D:\Sowmya\Shopon codebase\shopon\sm-core\target\classes\META-INF\maven\com.shopizer\sm-core\pom.xml
D:\Sowmya\Shopon codebase\shopon\sm-core-model\pom.xml
D:\Sowmya\Shopon codebase\shopon\sm-core-model\target\classes\META-INF\maven\com.shopizer\sm-core-model\pom.xml
D:\Sowmya\Shopon codebase\shopon\sm-core-modules\pom.xml
D:\Sowmya\Shopon codebase\shopon\sm-core-modules\target\classes\META-INF\maven\com.shopizer\sm-core-modules\pom.xml
D:\Sowmya\Shopon codebase\shopon\sm-shop\pom.xml
D:\Sowmya\Shopon codebase\shopon\sm-shop\target\m2e-wtp\web-resources\META-INF\maven\com.shopizer\sm-shop\pom.xml
D:\Sowmya\Shopon codebase\shopon\sm-shop-model\pom.xml
D:\Sowmya\Shopon codebase\shopon\sm-shop-model\target\classes\META-INF\maven\com.shopizer\sm-shop-model\pom.xml
D:\Sowmya\Spring\demo-1\pom.xml
D:\Sowmya\Spring\demo-1\target\classes\META-INF\maven\com.example\demo-1\pom.xml
D:\Sowmya\Spring\springapp\pom.xml
D:\Sowmya\Spring\springapp\target\m2e-wtp\web-resources\META-INF\maven\com.sa\springapp\pom.xml
D:\Sowmya\Spring\springapp1\pom.xml
D:\Sowmya\Spring\springapp1\target\m2e-wtp\web-resources\META-INF\maven\com.sa\springapp1\pom.xml
D:\Sowmya\Spring\springapp2\pom.xml
D:\Sowmya\Spring\springapp2\target\m2e-wtp\web-resources\META-INF\maven\com.sa\springapp2\pom.xml
D:\Sowmya\Spring\SpringMVC\pom.xml
D:\Sowmya\Spring\SpringMVC\target\m2e-wtp\web-resources\META-INF\maven\com.javatpoint\SpringMVC\pom.xml
D:\Sowmya\Spring\SpringMVCCRUDSimple\pom.xml
D:\Sowmya\Spring\SpringMVCCRUDSimple\target\m2e-wtp\web-resources\META-INF\maven\com.javatpoint\SpringMVCPagination\pom.xml
D:\Sowmya\Spring\SpringMVCMultipleController\pom.xml
D:\Sowmya\Spring\SpringMVCMultipleController\target\m2e-wtp\web-resources\META-INF\maven\com.javatpoint\SpringMVCMultipleController\pom.xml
D:\Sowmya\Spring\SpringMVCMultipleViewPage\pom.xml
D:\Sowmya\Spring\SpringMVCMultipleViewPage\target\m2e-wtp\web-resources\META-INF\maven\com.javatpoint\SpringMVCMultipleViewPage\pom.xml
D:\Sowmya\Spring\springmvc_2\pom.xml
D:\Sowmya\Spring\springmvc_2\target\m2e-wtp\web-resources\META-INF\maven\com.sa\springmvc_2\pom.xml
D:\Sowmya\Spring\springmvc_3\pom.xml
D:\Sowmya\Spring\springmvc_3\target\m2e-wtp\web-resources\META-INF\maven\com.sa\springmvc_3\pom.xml
D:\Sowmya\Spring\springmvc_assn\pom.xml
D:\Sowmya\Spring\springmvc_assn\target\m2e-wtp\web-resources\META-INF\maven\com.sa\spring_mvc4\pom.xml
D:\Sowmya\Spring\springsecurity-1\pom.xml
D:\Sowmya\Spring\springsecurity-1\target\classes\META-INF\maven\com.sa\springsecurity-1\pom.xml
D:\Sowmya\Spring\springsecurity-2\pom.xml
D:\Sowmya\Spring\springsecurity-2\target\classes\META-INF\maven\com.sa\springsecurity-2\pom.xml
D:\Sowmya\Spring\springsecurity-3\pom.xml
D:\Sowmya\Spring\springsecurity-3\target\classes\META-INF\maven\com.sa\springsecurity_3\pom.xml
D:\Sowmya\Spring\springsecurity-4\pom.xml
D:\Sowmya\Spring\springsecurity-4\target\classes\META-INF\maven\com.sa\springsecurity_4\pom.xml
D:\Sowmya\Spring\springsecurity-5\pom.xml
D:\Sowmya\Spring\springsecurity-5\target\classes\META-INF\maven\com.sa\springsecurity_5\pom.xml
D:\Sowmya\Spring\springsecurity-6\pom.xml
D:\Sowmya\Spring\springsecurity-6\target\classes\META-INF\maven\com.sa\springsecurity_6\pom.xml
D:\Sowmya\Spring\springstarter\pom.xml
D:\Sowmya\Spring\springstarter\target\m2e-wtp\web-resources\META-INF\maven\com.sa\springstarter\pom.xml
D:\Sowmya\Spring Boot\smartmobiles2u\pom.xml
D:\Sowmya\Spring Boot\smartmobiles2u\target\m2e-wtp\web-resources\META-INF\maven\com.sa\smartmobiles2u\pom.xml
D:\Sowmya\Spring Boot\springbootmvcjpa1\pom.xml
D:\Sowmya\Spring Boot\springbootmvcjpa1\target\classes\META-INF\maven\com.sa\springbootmvcjpa1\pom.xml
D:\Sowmya\Spring Boot\springbootmvcjspjpa\pom.xml
D:\Sowmya\Spring Boot\springbootmvcjspjpa\target\m2e-wtp\web-resources\META-INF\maven\com.sa\springbootmvcjspjpa\pom.xml
D:\Sowmya\Spring Boot\springbootmvcjspjpa_2\pom.xml
D:\Sowmya\Spring Boot\springbootmvcjspjpa_2\target\m2e-wtp\web-resources\META-INF\maven\com.sa\springbootmvcjspjpa_2\pom.xml
D:\Sowmya\Spring Boot\user-api\pom.xml
D:\Sowmya\Spring Boot\user-api\target\classes\META-INF\maven\com.sa.springbootquickstart\user-api\pom.xml
D:\Sowmya\Spring Codebases - Labs and Hands on\springmvc1\pom.xml
D:\Sowmya\Spring Codebases - Labs and Hands on\springmvc1\target\m2e-wtp\web-resources\META-INF\maven\com.gd\springmvc1\pom.xml
D:\Sowmya\Spring codebases solution\springmvc1\pom.xml
D:\Sowmya\Spring codebases solution\springmvc1\target\m2e-wtp\web-resources\META-INF\maven\com.gd\springmvc1\pom.xml
D:\Sowmya\sts-4.2.0.RELEASE\features\com.ianbrandt.tools.m2e.mdp.feature_0.0.4.201409291703\META-INF\maven\com.ianbrandt\com.ianbrandt.tools.m2e.mdp.feature\pom.xml
D:\Sowmya\sts-4.2.0.RELEASE\features\org.jboss.tools.m2e.wro4j.feature_1.1.0.201406251020\META-INF\maven\org.jboss.tools.m2e.wro4j\org.jboss.tools.m2e.wro4j.feature\pom.xml
D:\Sowmya\sts-4.2.0.RELEASE\features\org.sonatype.m2e.buildhelper.feature_0.15.0.201207090124\META-INF\maven\org.sonatype.m2e.extras\org.sonatype.m2e.buildhelper.feature\pom.xml
D:\Sowmya\sts-4.2.0.RELEASE\plugins\org.apache.ant_1.10.5.v20180808-0324\META-INF\maven\org.eclipse.orbit.bundles\org.apache.ant\pom.xml
D:\Sowmya\sts-4.2.0.RELEASE\plugins\org.eclipse.cdt.core.win32.x86_64_5.4.2.201811241055\META-INF\maven\org.eclipse.cdt\org.eclipse.cdt.core.win32.x86_64\pom.xml
D:\Sowmya\sts-4.2.0.RELEASE\plugins\org.eclipse.m2e.sourcelookup_1.11.0.20190220-2119\META-INF\maven\org.eclipse.m2e\org.eclipse.m2e.sourcelookup\pom.xml
D:\Sowmya\Swagger_Jersey\spring-jersey-swagger-example\pom.xml
D:\Sowmya\Swagger_Jersey\spring-jersey-swagger-example\target\classes\META-INF\maven\com.basaki\spring-jersey-swagger-example\pom.xml
D:\Sts workspace\AppointmentService1\pom.xml
D:\Sts workspace\AppointmentService1\target\classes\META-INF\maven\com.pratian\AppointmentService\pom.xml
D:\Sts workspace\CMD\AppointmentService\pom.xml
D:\Sts workspace\CMD\AppointmentService\target\classes\META-INF\maven\com.pratian\AppointmentService\pom.xml
D:\Sts workspace\CMD\SettingsService\pom.xml
D:\Sts workspace\CMD\SettingsService\target\classes\META-INF\maven\com.pratian\SettingsService\pom.xml
D:\Sts workspace\demo\pom.xml
D:\Sts workspace\demo\target\classes\META-INF\maven\com.example\demo\pom.xml
D:\Sts workspace\InventoryService_New\pom.xml
D:\Sts workspace\InventoryService_New\target\classes\META-INF\maven\com.ros.inventory\InventoryService\pom.xml
D:\Sts workspace\MenuService\pom.xml
D:\Sts workspace\MenuService\target\classes\META-INF\maven\com.sa\MenuService\pom.xml
D:\Sts workspace\MobileStore\pom.xml
D:\Sts workspace\MobileStore\target\classes\META-INF\maven\com.mobile\MobileStore\pom.xml
D:\Sts workspace\PatientService1\pom.xml
D:\Sts workspace\PatientService1\target\classes\META-INF\maven\com.pratian\PatientService\pom.xml
D:\Sts workspace\PatientServiceFinal\pom.xml
D:\Sts workspace\PatientServiceFinal\target\classes\META-INF\maven\com.pratian\PatientService\pom.xml
D:\Sts workspace\ServiceRegistry\pom.xml
D:\Sts workspace\ServiceRegistry\target\classes\META-INF\maven\com.sa\ServiceRegistry\pom.xml
D:\Sts workspace\SettingsService\pom.xml
D:\Sts workspace\SettingsService\target\classes\META-INF\maven\com.pratian\SettingsService\pom.xml
D:\Sts workspace\SpringAssessment\pom.xml
D:\Sts workspace\SpringAssessment\target\classes\META-INF\maven\com.example\SpringAssessment\pom.xml
D:\Sts workspace\SpringBatch\pom.xml
D:\Sts workspace\SpringBatch\target\classes\META-INF\maven\com.journaldev.spring\SpringBatchExample\pom.xml
D:\Sts workspace\springbootdemo\pom.xml
D:\Sts workspace\springbootdemo\target\m2e-wtp\web-resources\META-INF\maven\com.example\springbootdemo\pom.xml
D:\Sts workspace\springbootrestdemo\pom.xml
D:\Sts workspace\springbootrestdemo-1\pom.xml
D:\Sts workspace\springbootrestdemo-1\target\classes\META-INF\maven\com.example\springbootrestdemo-1\pom.xml
D:\Sts workspace\springbootrestdemo-2\pom.xml
D:\Sts workspace\springbootrestdemo-2\target\classes\META-INF\maven\com.example\springbootrestdemo-2\pom.xml
D:\Sts workspace\springbootrestdemo1\pom.xml
D:\Sts workspace\springbootrestdemo1\target\classes\META-INF\maven\com.example\springbootrestdemo\pom.xml
D:\Sts workspace\springbootrestfuldemo\pom.xml
D:\Sts workspace\springbootrestfuldemo\target\classes\META-INF\maven\com.example\springbootrestfuldemo\pom.xml
D:\sts-4.2.0.RELEASE\configuration\org.eclipse.osgi\501\0\.cp\META-INF\maven\org.eclipse.orbit.bundles\org.junit.platform.launcher\pom.xml
D:\sts-4.2.0.RELEASE\configuration\org.eclipse.osgi\512\0\.cp\META-INF\maven\org.eclipse.orbit.bundles\org.slf4j.api\pom.xml
D:\sts-4.2.0.RELEASE\features\com.ianbrandt.tools.m2e.mdp.feature_0.0.4.201409291703\META-INF\maven\com.ianbrandt\com.ianbrandt.tools.m2e.mdp.feature\pom.xml
D:\sts-4.2.0.RELEASE\features\org.jboss.tools.m2e.wro4j.feature_1.1.0.201406251020\META-INF\maven\org.jboss.tools.m2e.wro4j\org.jboss.tools.m2e.wro4j.feature\pom.xml
D:\sts-4.2.0.RELEASE\features\org.sonatype.m2e.buildhelper.feature_0.15.0.201207090124\META-INF\maven\org.sonatype.m2e.extras\org.sonatype.m2e.buildhelper.feature\pom.xml
D:\sts-4.2.0.RELEASE\plugins\org.apache.ant_1.10.5.v20180808-0324\META-INF\maven\org.eclipse.orbit.bundles\org.apache.ant\pom.xml
D:\sts-4.2.0.RELEASE\plugins\org.eclipse.cdt.core.win32.x86_64_5.4.2.201811241055\META-INF\maven\org.eclipse.cdt\org.eclipse.cdt.core.win32.x86_64\pom.xml
D:\sts-4.2.0.RELEASE\plugins\org.eclipse.m2e.sourcelookup_1.11.0.20190220-2119\META-INF\maven\org.eclipse.m2e\org.eclipse.m2e.sourcelookup\pom.xml
